The system is: Linux - 4.9.0-17-amd64 - x86_64
Compiling the C compiler identification source file "CMakeCCompilerId.c" succeeded.
Compiler: /usr/bin/cc 
Build flags: 
Id flags: 

The output was:
0


Compilation of the C compiler identification source "CMakeCCompilerId.c" produced "a.out"

The C compiler identification is GNU, found in "/root/research/NuSMV-2.6.0/NuSMV/build/CMakeFiles/3.7.2/CompilerIdC/a.out"

Compiling the CXX compiler identification source file "CMakeCXXCompilerId.cpp" succeeded.
Compiler: /usr/bin/c++ 
Build flags: 
Id flags: 

The output was:
0


Compilation of the CXX compiler identification source "CMakeCXXCompilerId.cpp" produced "a.out"

The CXX compiler identification is GNU, found in "/root/research/NuSMV-2.6.0/NuSMV/build/CMakeFiles/3.7.2/CompilerIdCXX/a.out"

Determining if the C compiler works passed with the following output:
Change Dir: /root/research/NuSMV-2.6.0/NuSMV/build/CMakeFiles/CMakeTmp

Run Build Command:"/usr/bin/make" "cmTC_06af5/fast"
/usr/bin/make -f CMakeFiles/cmTC_06af5.dir/build.make CMakeFiles/cmTC_06af5.dir/build
make[1]: Entering directory '/root/research/NuSMV-2.6.0/NuSMV/build/CMakeFiles/CMakeTmp'
Building C object CMakeFiles/cmTC_06af5.dir/testCCompiler.c.o
/usr/bin/cc     -o CMakeFiles/cmTC_06af5.dir/testCCompiler.c.o   -c /root/research/NuSMV-2.6.0/NuSMV/build/CMakeFiles/CMakeTmp/testCCompiler.c
Linking C executable cmTC_06af5
/usr/bin/cmake -E cmake_link_script CMakeFiles/cmTC_06af5.dir/link.txt --verbose=1
/usr/bin/cc       CMakeFiles/cmTC_06af5.dir/testCCompiler.c.o  -o cmTC_06af5 -rdynamic 
make[1]: Leaving directory '/root/research/NuSMV-2.6.0/NuSMV/build/CMakeFiles/CMakeTmp'


Detecting C compiler ABI info compiled with the following output:
Change Dir: /root/research/NuSMV-2.6.0/NuSMV/build/CMakeFiles/CMakeTmp

Run Build Command:"/usr/bin/make" "cmTC_c9e98/fast"
/usr/bin/make -f CMakeFiles/cmTC_c9e98.dir/build.make CMakeFiles/cmTC_c9e98.dir/build
make[1]: Entering directory '/root/research/NuSMV-2.6.0/NuSMV/build/CMakeFiles/CMakeTmp'
Building C object CMakeFiles/cmTC_c9e98.dir/CMakeCCompilerABI.c.o
/usr/bin/cc     -o CMakeFiles/cmTC_c9e98.dir/CMakeCCompilerABI.c.o   -c /usr/share/cmake-3.7/Modules/CMakeCCompilerABI.c
Linking C executable cmTC_c9e98
/usr/bin/cmake -E cmake_link_script CMakeFiles/cmTC_c9e98.dir/link.txt --verbose=1
/usr/bin/cc      -v CMakeFiles/cmTC_c9e98.dir/CMakeCCompilerABI.c.o  -o cmTC_c9e98 -rdynamic  
Using built-in specs.
COLLECT_GCC=/usr/bin/cc
COLLECT_LTO_WRAPPER=/usr/lib/gcc/x86_64-linux-gnu/6/lto-wrapper
Target: x86_64-linux-gnu
Configured with: ../src/configure -v --with-pkgversion='Debian 6.3.0-18+deb9u1' --with-bugurl=file:///usr/share/doc/gcc-6/README.Bugs --enable-languages=c,ada,c++,java,go,d,fortran,objc,obj-c++ --prefix=/usr --program-suffix=-6 --program-prefix=x86_64-linux-gnu- --enable-shared --enable-linker-build-id --libexecdir=/usr/lib --without-included-gettext --enable-threads=posix --libdir=/usr/lib --enable-nls --with-sysroot=/ --enable-clocale=gnu --enable-libstdcxx-debug --enable-libstdcxx-time=yes --with-default-libstdcxx-abi=new --enable-gnu-unique-object --disable-vtable-verify --enable-libmpx --enable-plugin --enable-default-pie --with-system-zlib --disable-browser-plugin --enable-java-awt=gtk --enable-gtk-cairo --with-java-home=/usr/lib/jvm/java-1.5.0-gcj-6-amd64/jre --enable-java-home --with-jvm-root-dir=/usr/lib/jvm/java-1.5.0-gcj-6-amd64 --with-jvm-jar-dir=/usr/lib/jvm-exports/java-1.5.0-gcj-6-amd64 --with-arch-directory=amd64 --with-ecj-jar=/usr/share/java/eclipse-ecj.jar --with-target-system-zlib --enable-objc-gc=auto --enable-multiarch --with-arch-32=i686 --with-abi=m64 --with-multilib-list=m32,m64,mx32 --enable-multilib --with-tune=generic --enable-checking=release --build=x86_64-linux-gnu --host=x86_64-linux-gnu --target=x86_64-linux-gnu
Thread model: posix
gcc version 6.3.0 20170516 (Debian 6.3.0-18+deb9u1) 
COMPILER_PATH=/usr/lib/gcc/x86_64-linux-gnu/6/:/usr/lib/gcc/x86_64-linux-gnu/6/:/usr/lib/gcc/x86_64-linux-gnu/:/usr/lib/gcc/x86_64-linux-gnu/6/:/usr/lib/gcc/x86_64-linux-gnu/
LIBRARY_PATH=/usr/lib/gcc/x86_64-linux-gnu/6/:/usr/lib/gcc/x86_64-linux-gnu/6/../../../x86_64-linux-gnu/:/usr/lib/gcc/x86_64-linux-gnu/6/../../../../lib/:/lib/x86_64-linux-gnu/:/lib/../lib/:/usr/lib/x86_64-linux-gnu/:/usr/lib/../lib/:/usr/lib/gcc/x86_64-linux-gnu/6/../../../:/lib/:/usr/lib/
COLLECT_GCC_OPTIONS='-v' '-o' 'cmTC_c9e98' '-rdynamic' '-mtune=generic' '-march=x86-64'
 /usr/lib/gcc/x86_64-linux-gnu/6/collect2 -plugin /usr/lib/gcc/x86_64-linux-gnu/6/liblto_plugin.so -plugin-opt=/usr/lib/gcc/x86_64-linux-gnu/6/lto-wrapper -plugin-opt=-fresolution=/tmp/ccSfgIyI.res -plugin-opt=-pass-through=-lgcc -plugin-opt=-pass-through=-lgcc_s -plugin-opt=-pass-through=-lc -plugin-opt=-pass-through=-lgcc -plugin-opt=-pass-through=-lgcc_s --sysroot=/ --build-id --eh-frame-hdr -m elf_x86_64 --hash-style=gnu -export-dynamic -dynamic-linker /lib64/ld-linux-x86-64.so.2 -pie -o cmTC_c9e98 /usr/lib/gcc/x86_64-linux-gnu/6/../../../x86_64-linux-gnu/Scrt1.o /usr/lib/gcc/x86_64-linux-gnu/6/../../../x86_64-linux-gnu/crti.o /usr/lib/gcc/x86_64-linux-gnu/6/crtbeginS.o -L/usr/lib/gcc/x86_64-linux-gnu/6 -L/usr/lib/gcc/x86_64-linux-gnu/6/../../../x86_64-linux-gnu -L/usr/lib/gcc/x86_64-linux-gnu/6/../../../../lib -L/lib/x86_64-linux-gnu -L/lib/../lib -L/usr/lib/x86_64-linux-gnu -L/usr/lib/../lib -L/usr/lib/gcc/x86_64-linux-gnu/6/../../.. CMakeFiles/cmTC_c9e98.dir/CMakeCCompilerABI.c.o -lgcc --as-needed -lgcc_s --no-as-needed -lc -lgcc --as-needed -lgcc_s --no-as-needed /usr/lib/gcc/x86_64-linux-gnu/6/crtendS.o /usr/lib/gcc/x86_64-linux-gnu/6/../../../x86_64-linux-gnu/crtn.o
COLLECT_GCC_OPTIONS='-v' '-o' 'cmTC_c9e98' '-rdynamic' '-mtune=generic' '-march=x86-64'
make[1]: Leaving directory '/root/research/NuSMV-2.6.0/NuSMV/build/CMakeFiles/CMakeTmp'


Parsed C implicit link information from above output:
  link line regex: [^( *|.*[/\])(ld|([^/\]+-)?ld|collect2)[^/\]*( |$)]
  ignore line: [Change Dir: /root/research/NuSMV-2.6.0/NuSMV/build/CMakeFiles/CMakeTmp]
  ignore line: []
  ignore line: [Run Build Command:"/usr/bin/make" "cmTC_c9e98/fast"]
  ignore line: [/usr/bin/make -f CMakeFiles/cmTC_c9e98.dir/build.make CMakeFiles/cmTC_c9e98.dir/build]
  ignore line: [make[1]: Entering directory '/root/research/NuSMV-2.6.0/NuSMV/build/CMakeFiles/CMakeTmp']
  ignore line: [Building C object CMakeFiles/cmTC_c9e98.dir/CMakeCCompilerABI.c.o]
  ignore line: [/usr/bin/cc     -o CMakeFiles/cmTC_c9e98.dir/CMakeCCompilerABI.c.o   -c /usr/share/cmake-3.7/Modules/CMakeCCompilerABI.c]
  ignore line: [Linking C executable cmTC_c9e98]
  ignore line: [/usr/bin/cmake -E cmake_link_script CMakeFiles/cmTC_c9e98.dir/link.txt --verbose=1]
  ignore line: [/usr/bin/cc      -v CMakeFiles/cmTC_c9e98.dir/CMakeCCompilerABI.c.o  -o cmTC_c9e98 -rdynamic  ]
  ignore line: [Using built-in specs.]
  ignore line: [COLLECT_GCC=/usr/bin/cc]
  ignore line: [COLLECT_LTO_WRAPPER=/usr/lib/gcc/x86_64-linux-gnu/6/lto-wrapper]
  ignore line: [Target: x86_64-linux-gnu]
  ignore line: [Configured with: ../src/configure -v --with-pkgversion='Debian 6.3.0-18+deb9u1' --with-bugurl=file:///usr/share/doc/gcc-6/README.Bugs --enable-languages=c,ada,c++,java,go,d,fortran,objc,obj-c++ --prefix=/usr --program-suffix=-6 --program-prefix=x86_64-linux-gnu- --enable-shared --enable-linker-build-id --libexecdir=/usr/lib --without-included-gettext --enable-threads=posix --libdir=/usr/lib --enable-nls --with-sysroot=/ --enable-clocale=gnu --enable-libstdcxx-debug --enable-libstdcxx-time=yes --with-default-libstdcxx-abi=new --enable-gnu-unique-object --disable-vtable-verify --enable-libmpx --enable-plugin --enable-default-pie --with-system-zlib --disable-browser-plugin --enable-java-awt=gtk --enable-gtk-cairo --with-java-home=/usr/lib/jvm/java-1.5.0-gcj-6-amd64/jre --enable-java-home --with-jvm-root-dir=/usr/lib/jvm/java-1.5.0-gcj-6-amd64 --with-jvm-jar-dir=/usr/lib/jvm-exports/java-1.5.0-gcj-6-amd64 --with-arch-directory=amd64 --with-ecj-jar=/usr/share/java/eclipse-ecj.jar --with-target-system-zlib --enable-objc-gc=auto --enable-multiarch --with-arch-32=i686 --with-abi=m64 --with-multilib-list=m32,m64,mx32 --enable-multilib --with-tune=generic --enable-checking=release --build=x86_64-linux-gnu --host=x86_64-linux-gnu --target=x86_64-linux-gnu]
  ignore line: [Thread model: posix]
  ignore line: [gcc version 6.3.0 20170516 (Debian 6.3.0-18+deb9u1) ]
  ignore line: [COMPILER_PATH=/usr/lib/gcc/x86_64-linux-gnu/6/:/usr/lib/gcc/x86_64-linux-gnu/6/:/usr/lib/gcc/x86_64-linux-gnu/:/usr/lib/gcc/x86_64-linux-gnu/6/:/usr/lib/gcc/x86_64-linux-gnu/]
  ignore line: [LIBRARY_PATH=/usr/lib/gcc/x86_64-linux-gnu/6/:/usr/lib/gcc/x86_64-linux-gnu/6/../../../x86_64-linux-gnu/:/usr/lib/gcc/x86_64-linux-gnu/6/../../../../lib/:/lib/x86_64-linux-gnu/:/lib/../lib/:/usr/lib/x86_64-linux-gnu/:/usr/lib/../lib/:/usr/lib/gcc/x86_64-linux-gnu/6/../../../:/lib/:/usr/lib/]
  ignore line: [COLLECT_GCC_OPTIONS='-v' '-o' 'cmTC_c9e98' '-rdynamic' '-mtune=generic' '-march=x86-64']
  link line: [ /usr/lib/gcc/x86_64-linux-gnu/6/collect2 -plugin /usr/lib/gcc/x86_64-linux-gnu/6/liblto_plugin.so -plugin-opt=/usr/lib/gcc/x86_64-linux-gnu/6/lto-wrapper -plugin-opt=-fresolution=/tmp/ccSfgIyI.res -plugin-opt=-pass-through=-lgcc -plugin-opt=-pass-through=-lgcc_s -plugin-opt=-pass-through=-lc -plugin-opt=-pass-through=-lgcc -plugin-opt=-pass-through=-lgcc_s --sysroot=/ --build-id --eh-frame-hdr -m elf_x86_64 --hash-style=gnu -export-dynamic -dynamic-linker /lib64/ld-linux-x86-64.so.2 -pie -o cmTC_c9e98 /usr/lib/gcc/x86_64-linux-gnu/6/../../../x86_64-linux-gnu/Scrt1.o /usr/lib/gcc/x86_64-linux-gnu/6/../../../x86_64-linux-gnu/crti.o /usr/lib/gcc/x86_64-linux-gnu/6/crtbeginS.o -L/usr/lib/gcc/x86_64-linux-gnu/6 -L/usr/lib/gcc/x86_64-linux-gnu/6/../../../x86_64-linux-gnu -L/usr/lib/gcc/x86_64-linux-gnu/6/../../../../lib -L/lib/x86_64-linux-gnu -L/lib/../lib -L/usr/lib/x86_64-linux-gnu -L/usr/lib/../lib -L/usr/lib/gcc/x86_64-linux-gnu/6/../../.. CMakeFiles/cmTC_c9e98.dir/CMakeCCompilerABI.c.o -lgcc --as-needed -lgcc_s --no-as-needed -lc -lgcc --as-needed -lgcc_s --no-as-needed /usr/lib/gcc/x86_64-linux-gnu/6/crtendS.o /usr/lib/gcc/x86_64-linux-gnu/6/../../../x86_64-linux-gnu/crtn.o]
    arg [/usr/lib/gcc/x86_64-linux-gnu/6/collect2] ==> ignore
    arg [-plugin] ==> ignore
    arg [/usr/lib/gcc/x86_64-linux-gnu/6/liblto_plugin.so] ==> ignore
    arg [-plugin-opt=/usr/lib/gcc/x86_64-linux-gnu/6/lto-wrapper] ==> ignore
    arg [-plugin-opt=-fresolution=/tmp/ccSfgIyI.res] ==> ignore
    arg [-plugin-opt=-pass-through=-lgcc] ==> ignore
    arg [-plugin-opt=-pass-through=-lgcc_s] ==> ignore
    arg [-plugin-opt=-pass-through=-lc] ==> ignore
    arg [-plugin-opt=-pass-through=-lgcc] ==> ignore
    arg [-plugin-opt=-pass-through=-lgcc_s] ==> ignore
    arg [--sysroot=/] ==> ignore
    arg [--build-id] ==> ignore
    arg [--eh-frame-hdr] ==> ignore
    arg [-m] ==> ignore
    arg [elf_x86_64] ==> ignore
    arg [--hash-style=gnu] ==> ignore
    arg [-export-dynamic] ==> ignore
    arg [-dynamic-linker] ==> ignore
    arg [/lib64/ld-linux-x86-64.so.2] ==> ignore
    arg [-pie] ==> ignore
    arg [-o] ==> ignore
    arg [cmTC_c9e98] ==> ignore
    arg [/usr/lib/gcc/x86_64-linux-gnu/6/../../../x86_64-linux-gnu/Scrt1.o] ==> ignore
    arg [/usr/lib/gcc/x86_64-linux-gnu/6/../../../x86_64-linux-gnu/crti.o] ==> ignore
    arg [/usr/lib/gcc/x86_64-linux-gnu/6/crtbeginS.o] ==> ignore
    arg [-L/usr/lib/gcc/x86_64-linux-gnu/6] ==> dir [/usr/lib/gcc/x86_64-linux-gnu/6]
    arg [-L/usr/lib/gcc/x86_64-linux-gnu/6/../../../x86_64-linux-gnu] ==> dir [/usr/lib/gcc/x86_64-linux-gnu/6/../../../x86_64-linux-gnu]
    arg [-L/usr/lib/gcc/x86_64-linux-gnu/6/../../../../lib] ==> dir [/usr/lib/gcc/x86_64-linux-gnu/6/../../../../lib]
    arg [-L/lib/x86_64-linux-gnu] ==> dir [/lib/x86_64-linux-gnu]
    arg [-L/lib/../lib] ==> dir [/lib/../lib]
    arg [-L/usr/lib/x86_64-linux-gnu] ==> dir [/usr/lib/x86_64-linux-gnu]
    arg [-L/usr/lib/../lib] ==> dir [/usr/lib/../lib]
    arg [-L/usr/lib/gcc/x86_64-linux-gnu/6/../../..] ==> dir [/usr/lib/gcc/x86_64-linux-gnu/6/../../..]
    arg [CMakeFiles/cmTC_c9e98.dir/CMakeCCompilerABI.c.o] ==> ignore
    arg [-lgcc] ==> lib [gcc]
    arg [--as-needed] ==> ignore
    arg [-lgcc_s] ==> lib [gcc_s]
    arg [--no-as-needed] ==> ignore
    arg [-lc] ==> lib [c]
    arg [-lgcc] ==> lib [gcc]
    arg [--as-needed] ==> ignore
    arg [-lgcc_s] ==> lib [gcc_s]
    arg [--no-as-needed] ==> ignore
    arg [/usr/lib/gcc/x86_64-linux-gnu/6/crtendS.o] ==> ignore
    arg [/usr/lib/gcc/x86_64-linux-gnu/6/../../../x86_64-linux-gnu/crtn.o] ==> ignore
  remove lib [gcc]
  remove lib [gcc_s]
  remove lib [gcc]
  remove lib [gcc_s]
  collapse library dir [/usr/lib/gcc/x86_64-linux-gnu/6] ==> [/usr/lib/gcc/x86_64-linux-gnu/6]
  collapse library dir [/usr/lib/gcc/x86_64-linux-gnu/6/../../../x86_64-linux-gnu] ==> [/usr/lib/x86_64-linux-gnu]
  collapse library dir [/usr/lib/gcc/x86_64-linux-gnu/6/../../../../lib] ==> [/usr/lib]
  collapse library dir [/lib/x86_64-linux-gnu] ==> [/lib/x86_64-linux-gnu]
  collapse library dir [/lib/../lib] ==> [/lib]
  collapse library dir [/usr/lib/x86_64-linux-gnu] ==> [/usr/lib/x86_64-linux-gnu]
  collapse library dir [/usr/lib/../lib] ==> [/usr/lib]
  collapse library dir [/usr/lib/gcc/x86_64-linux-gnu/6/../../..] ==> [/usr/lib]
  implicit libs: [c]
  implicit dirs: [/usr/lib/gcc/x86_64-linux-gnu/6;/usr/lib/x86_64-linux-gnu;/usr/lib;/lib/x86_64-linux-gnu;/lib]
  implicit fwks: []




Detecting C [-std=c11] compiler features compiled with the following output:
Change Dir: /root/research/NuSMV-2.6.0/NuSMV/build/CMakeFiles/CMakeTmp

Run Build Command:"/usr/bin/make" "cmTC_16b75/fast"
/usr/bin/make -f CMakeFiles/cmTC_16b75.dir/build.make CMakeFiles/cmTC_16b75.dir/build
make[1]: Entering directory '/root/research/NuSMV-2.6.0/NuSMV/build/CMakeFiles/CMakeTmp'
Building C object CMakeFiles/cmTC_16b75.dir/feature_tests.c.o
/usr/bin/cc    -std=c11 -o CMakeFiles/cmTC_16b75.dir/feature_tests.c.o   -c /root/research/NuSMV-2.6.0/NuSMV/build/CMakeFiles/feature_tests.c
Linking C executable cmTC_16b75
/usr/bin/cmake -E cmake_link_script CMakeFiles/cmTC_16b75.dir/link.txt --verbose=1
/usr/bin/cc       CMakeFiles/cmTC_16b75.dir/feature_tests.c.o  -o cmTC_16b75 -rdynamic 
make[1]: Leaving directory '/root/research/NuSMV-2.6.0/NuSMV/build/CMakeFiles/CMakeTmp'


    Feature record: C_FEATURE:1c_function_prototypes
    Feature record: C_FEATURE:1c_restrict
    Feature record: C_FEATURE:1c_static_assert
    Feature record: C_FEATURE:1c_variadic_macros


Detecting C [-std=c99] compiler features compiled with the following output:
Change Dir: /root/research/NuSMV-2.6.0/NuSMV/build/CMakeFiles/CMakeTmp

Run Build Command:"/usr/bin/make" "cmTC_a8b14/fast"
/usr/bin/make -f CMakeFiles/cmTC_a8b14.dir/build.make CMakeFiles/cmTC_a8b14.dir/build
make[1]: Entering directory '/root/research/NuSMV-2.6.0/NuSMV/build/CMakeFiles/CMakeTmp'
Building C object CMakeFiles/cmTC_a8b14.dir/feature_tests.c.o
/usr/bin/cc    -std=c99 -o CMakeFiles/cmTC_a8b14.dir/feature_tests.c.o   -c /root/research/NuSMV-2.6.0/NuSMV/build/CMakeFiles/feature_tests.c
Linking C executable cmTC_a8b14
/usr/bin/cmake -E cmake_link_script CMakeFiles/cmTC_a8b14.dir/link.txt --verbose=1
/usr/bin/cc       CMakeFiles/cmTC_a8b14.dir/feature_tests.c.o  -o cmTC_a8b14 -rdynamic 
make[1]: Leaving directory '/root/research/NuSMV-2.6.0/NuSMV/build/CMakeFiles/CMakeTmp'


    Feature record: C_FEATURE:1c_function_prototypes
    Feature record: C_FEATURE:1c_restrict
    Feature record: C_FEATURE:0c_static_assert
    Feature record: C_FEATURE:1c_variadic_macros


Detecting C [-std=c90] compiler features compiled with the following output:
Change Dir: /root/research/NuSMV-2.6.0/NuSMV/build/CMakeFiles/CMakeTmp

Run Build Command:"/usr/bin/make" "cmTC_8c914/fast"
/usr/bin/make -f CMakeFiles/cmTC_8c914.dir/build.make CMakeFiles/cmTC_8c914.dir/build
make[1]: Entering directory '/root/research/NuSMV-2.6.0/NuSMV/build/CMakeFiles/CMakeTmp'
Building C object CMakeFiles/cmTC_8c914.dir/feature_tests.c.o
/usr/bin/cc    -std=c90 -o CMakeFiles/cmTC_8c914.dir/feature_tests.c.o   -c /root/research/NuSMV-2.6.0/NuSMV/build/CMakeFiles/feature_tests.c
Linking C executable cmTC_8c914
/usr/bin/cmake -E cmake_link_script CMakeFiles/cmTC_8c914.dir/link.txt --verbose=1
/usr/bin/cc       CMakeFiles/cmTC_8c914.dir/feature_tests.c.o  -o cmTC_8c914 -rdynamic 
make[1]: Leaving directory '/root/research/NuSMV-2.6.0/NuSMV/build/CMakeFiles/CMakeTmp'


    Feature record: C_FEATURE:1c_function_prototypes
    Feature record: C_FEATURE:0c_restrict
    Feature record: C_FEATURE:0c_static_assert
    Feature record: C_FEATURE:0c_variadic_macros
Determining if the CXX compiler works passed with the following output:
Change Dir: /root/research/NuSMV-2.6.0/NuSMV/build/CMakeFiles/CMakeTmp

Run Build Command:"/usr/bin/make" "cmTC_90800/fast"
/usr/bin/make -f CMakeFiles/cmTC_90800.dir/build.make CMakeFiles/cmTC_90800.dir/build
make[1]: Entering directory '/root/research/NuSMV-2.6.0/NuSMV/build/CMakeFiles/CMakeTmp'
Building CXX object CMakeFiles/cmTC_90800.dir/testCXXCompiler.cxx.o
/usr/bin/c++      -o CMakeFiles/cmTC_90800.dir/testCXXCompiler.cxx.o -c /root/research/NuSMV-2.6.0/NuSMV/build/CMakeFiles/CMakeTmp/testCXXCompiler.cxx
Linking CXX executable cmTC_90800
/usr/bin/cmake -E cmake_link_script CMakeFiles/cmTC_90800.dir/link.txt --verbose=1
/usr/bin/c++        CMakeFiles/cmTC_90800.dir/testCXXCompiler.cxx.o  -o cmTC_90800 -rdynamic 
make[1]: Leaving directory '/root/research/NuSMV-2.6.0/NuSMV/build/CMakeFiles/CMakeTmp'


Detecting CXX compiler ABI info compiled with the following output:
Change Dir: /root/research/NuSMV-2.6.0/NuSMV/build/CMakeFiles/CMakeTmp

Run Build Command:"/usr/bin/make" "cmTC_2a316/fast"
/usr/bin/make -f CMakeFiles/cmTC_2a316.dir/build.make CMakeFiles/cmTC_2a316.dir/build
make[1]: Entering directory '/root/research/NuSMV-2.6.0/NuSMV/build/CMakeFiles/CMakeTmp'
Building CXX object CMakeFiles/cmTC_2a316.dir/CMakeCXXCompilerABI.cpp.o
/usr/bin/c++      -o CMakeFiles/cmTC_2a316.dir/CMakeCXXCompilerABI.cpp.o -c /usr/share/cmake-3.7/Modules/CMakeCXXCompilerABI.cpp
Linking CXX executable cmTC_2a316
/usr/bin/cmake -E cmake_link_script CMakeFiles/cmTC_2a316.dir/link.txt --verbose=1
/usr/bin/c++       -v CMakeFiles/cmTC_2a316.dir/CMakeCXXCompilerABI.cpp.o  -o cmTC_2a316 -rdynamic  
Using built-in specs.
COLLECT_GCC=/usr/bin/c++
COLLECT_LTO_WRAPPER=/usr/lib/gcc/x86_64-linux-gnu/6/lto-wrapper
Target: x86_64-linux-gnu
Configured with: ../src/configure -v --with-pkgversion='Debian 6.3.0-18+deb9u1' --with-bugurl=file:///usr/share/doc/gcc-6/README.Bugs --enable-languages=c,ada,c++,java,go,d,fortran,objc,obj-c++ --prefix=/usr --program-suffix=-6 --program-prefix=x86_64-linux-gnu- --enable-shared --enable-linker-build-id --libexecdir=/usr/lib --without-included-gettext --enable-threads=posix --libdir=/usr/lib --enable-nls --with-sysroot=/ --enable-clocale=gnu --enable-libstdcxx-debug --enable-libstdcxx-time=yes --with-default-libstdcxx-abi=new --enable-gnu-unique-object --disable-vtable-verify --enable-libmpx --enable-plugin --enable-default-pie --with-system-zlib --disable-browser-plugin --enable-java-awt=gtk --enable-gtk-cairo --with-java-home=/usr/lib/jvm/java-1.5.0-gcj-6-amd64/jre --enable-java-home --with-jvm-root-dir=/usr/lib/jvm/java-1.5.0-gcj-6-amd64 --with-jvm-jar-dir=/usr/lib/jvm-exports/java-1.5.0-gcj-6-amd64 --with-arch-directory=amd64 --with-ecj-jar=/usr/share/java/eclipse-ecj.jar --with-target-system-zlib --enable-objc-gc=auto --enable-multiarch --with-arch-32=i686 --with-abi=m64 --with-multilib-list=m32,m64,mx32 --enable-multilib --with-tune=generic --enable-checking=release --build=x86_64-linux-gnu --host=x86_64-linux-gnu --target=x86_64-linux-gnu
Thread model: posix
gcc version 6.3.0 20170516 (Debian 6.3.0-18+deb9u1) 
COMPILER_PATH=/usr/lib/gcc/x86_64-linux-gnu/6/:/usr/lib/gcc/x86_64-linux-gnu/6/:/usr/lib/gcc/x86_64-linux-gnu/:/usr/lib/gcc/x86_64-linux-gnu/6/:/usr/lib/gcc/x86_64-linux-gnu/
LIBRARY_PATH=/usr/lib/gcc/x86_64-linux-gnu/6/:/usr/lib/gcc/x86_64-linux-gnu/6/../../../x86_64-linux-gnu/:/usr/lib/gcc/x86_64-linux-gnu/6/../../../../lib/:/lib/x86_64-linux-gnu/:/lib/../lib/:/usr/lib/x86_64-linux-gnu/:/usr/lib/../lib/:/usr/lib/gcc/x86_64-linux-gnu/6/../../../:/lib/:/usr/lib/
COLLECT_GCC_OPTIONS='-v' '-o' 'cmTC_2a316' '-rdynamic' '-shared-libgcc' '-mtune=generic' '-march=x86-64'
 /usr/lib/gcc/x86_64-linux-gnu/6/collect2 -plugin /usr/lib/gcc/x86_64-linux-gnu/6/liblto_plugin.so -plugin-opt=/usr/lib/gcc/x86_64-linux-gnu/6/lto-wrapper -plugin-opt=-fresolution=/tmp/cczcHG08.res -plugin-opt=-pass-through=-lgcc_s -plugin-opt=-pass-through=-lgcc -plugin-opt=-pass-through=-lc -plugin-opt=-pass-through=-lgcc_s -plugin-opt=-pass-through=-lgcc --sysroot=/ --build-id --eh-frame-hdr -m elf_x86_64 --hash-style=gnu -export-dynamic -dynamic-linker /lib64/ld-linux-x86-64.so.2 -pie -o cmTC_2a316 /usr/lib/gcc/x86_64-linux-gnu/6/../../../x86_64-linux-gnu/Scrt1.o /usr/lib/gcc/x86_64-linux-gnu/6/../../../x86_64-linux-gnu/crti.o /usr/lib/gcc/x86_64-linux-gnu/6/crtbeginS.o -L/usr/lib/gcc/x86_64-linux-gnu/6 -L/usr/lib/gcc/x86_64-linux-gnu/6/../../../x86_64-linux-gnu -L/usr/lib/gcc/x86_64-linux-gnu/6/../../../../lib -L/lib/x86_64-linux-gnu -L/lib/../lib -L/usr/lib/x86_64-linux-gnu -L/usr/lib/../lib -L/usr/lib/gcc/x86_64-linux-gnu/6/../../.. CMakeFiles/cmTC_2a316.dir/CMakeCXXCompilerABI.cpp.o -lstdc++ -lm -lgcc_s -lgcc -lc -lgcc_s -lgcc /usr/lib/gcc/x86_64-linux-gnu/6/crtendS.o /usr/lib/gcc/x86_64-linux-gnu/6/../../../x86_64-linux-gnu/crtn.o
COLLECT_GCC_OPTIONS='-v' '-o' 'cmTC_2a316' '-rdynamic' '-shared-libgcc' '-mtune=generic' '-march=x86-64'
make[1]: Leaving directory '/root/research/NuSMV-2.6.0/NuSMV/build/CMakeFiles/CMakeTmp'


Parsed CXX implicit link information from above output:
  link line regex: [^( *|.*[/\])(ld|([^/\]+-)?ld|collect2)[^/\]*( |$)]
  ignore line: [Change Dir: /root/research/NuSMV-2.6.0/NuSMV/build/CMakeFiles/CMakeTmp]
  ignore line: []
  ignore line: [Run Build Command:"/usr/bin/make" "cmTC_2a316/fast"]
  ignore line: [/usr/bin/make -f CMakeFiles/cmTC_2a316.dir/build.make CMakeFiles/cmTC_2a316.dir/build]
  ignore line: [make[1]: Entering directory '/root/research/NuSMV-2.6.0/NuSMV/build/CMakeFiles/CMakeTmp']
  ignore line: [Building CXX object CMakeFiles/cmTC_2a316.dir/CMakeCXXCompilerABI.cpp.o]
  ignore line: [/usr/bin/c++      -o CMakeFiles/cmTC_2a316.dir/CMakeCXXCompilerABI.cpp.o -c /usr/share/cmake-3.7/Modules/CMakeCXXCompilerABI.cpp]
  ignore line: [Linking CXX executable cmTC_2a316]
  ignore line: [/usr/bin/cmake -E cmake_link_script CMakeFiles/cmTC_2a316.dir/link.txt --verbose=1]
  ignore line: [/usr/bin/c++       -v CMakeFiles/cmTC_2a316.dir/CMakeCXXCompilerABI.cpp.o  -o cmTC_2a316 -rdynamic  ]
  ignore line: [Using built-in specs.]
  ignore line: [COLLECT_GCC=/usr/bin/c++]
  ignore line: [COLLECT_LTO_WRAPPER=/usr/lib/gcc/x86_64-linux-gnu/6/lto-wrapper]
  ignore line: [Target: x86_64-linux-gnu]
  ignore line: [Configured with: ../src/configure -v --with-pkgversion='Debian 6.3.0-18+deb9u1' --with-bugurl=file:///usr/share/doc/gcc-6/README.Bugs --enable-languages=c,ada,c++,java,go,d,fortran,objc,obj-c++ --prefix=/usr --program-suffix=-6 --program-prefix=x86_64-linux-gnu- --enable-shared --enable-linker-build-id --libexecdir=/usr/lib --without-included-gettext --enable-threads=posix --libdir=/usr/lib --enable-nls --with-sysroot=/ --enable-clocale=gnu --enable-libstdcxx-debug --enable-libstdcxx-time=yes --with-default-libstdcxx-abi=new --enable-gnu-unique-object --disable-vtable-verify --enable-libmpx --enable-plugin --enable-default-pie --with-system-zlib --disable-browser-plugin --enable-java-awt=gtk --enable-gtk-cairo --with-java-home=/usr/lib/jvm/java-1.5.0-gcj-6-amd64/jre --enable-java-home --with-jvm-root-dir=/usr/lib/jvm/java-1.5.0-gcj-6-amd64 --with-jvm-jar-dir=/usr/lib/jvm-exports/java-1.5.0-gcj-6-amd64 --with-arch-directory=amd64 --with-ecj-jar=/usr/share/java/eclipse-ecj.jar --with-target-system-zlib --enable-objc-gc=auto --enable-multiarch --with-arch-32=i686 --with-abi=m64 --with-multilib-list=m32,m64,mx32 --enable-multilib --with-tune=generic --enable-checking=release --build=x86_64-linux-gnu --host=x86_64-linux-gnu --target=x86_64-linux-gnu]
  ignore line: [Thread model: posix]
  ignore line: [gcc version 6.3.0 20170516 (Debian 6.3.0-18+deb9u1) ]
  ignore line: [COMPILER_PATH=/usr/lib/gcc/x86_64-linux-gnu/6/:/usr/lib/gcc/x86_64-linux-gnu/6/:/usr/lib/gcc/x86_64-linux-gnu/:/usr/lib/gcc/x86_64-linux-gnu/6/:/usr/lib/gcc/x86_64-linux-gnu/]
  ignore line: [LIBRARY_PATH=/usr/lib/gcc/x86_64-linux-gnu/6/:/usr/lib/gcc/x86_64-linux-gnu/6/../../../x86_64-linux-gnu/:/usr/lib/gcc/x86_64-linux-gnu/6/../../../../lib/:/lib/x86_64-linux-gnu/:/lib/../lib/:/usr/lib/x86_64-linux-gnu/:/usr/lib/../lib/:/usr/lib/gcc/x86_64-linux-gnu/6/../../../:/lib/:/usr/lib/]
  ignore line: [COLLECT_GCC_OPTIONS='-v' '-o' 'cmTC_2a316' '-rdynamic' '-shared-libgcc' '-mtune=generic' '-march=x86-64']
  link line: [ /usr/lib/gcc/x86_64-linux-gnu/6/collect2 -plugin /usr/lib/gcc/x86_64-linux-gnu/6/liblto_plugin.so -plugin-opt=/usr/lib/gcc/x86_64-linux-gnu/6/lto-wrapper -plugin-opt=-fresolution=/tmp/cczcHG08.res -plugin-opt=-pass-through=-lgcc_s -plugin-opt=-pass-through=-lgcc -plugin-opt=-pass-through=-lc -plugin-opt=-pass-through=-lgcc_s -plugin-opt=-pass-through=-lgcc --sysroot=/ --build-id --eh-frame-hdr -m elf_x86_64 --hash-style=gnu -export-dynamic -dynamic-linker /lib64/ld-linux-x86-64.so.2 -pie -o cmTC_2a316 /usr/lib/gcc/x86_64-linux-gnu/6/../../../x86_64-linux-gnu/Scrt1.o /usr/lib/gcc/x86_64-linux-gnu/6/../../../x86_64-linux-gnu/crti.o /usr/lib/gcc/x86_64-linux-gnu/6/crtbeginS.o -L/usr/lib/gcc/x86_64-linux-gnu/6 -L/usr/lib/gcc/x86_64-linux-gnu/6/../../../x86_64-linux-gnu -L/usr/lib/gcc/x86_64-linux-gnu/6/../../../../lib -L/lib/x86_64-linux-gnu -L/lib/../lib -L/usr/lib/x86_64-linux-gnu -L/usr/lib/../lib -L/usr/lib/gcc/x86_64-linux-gnu/6/../../.. CMakeFiles/cmTC_2a316.dir/CMakeCXXCompilerABI.cpp.o -lstdc++ -lm -lgcc_s -lgcc -lc -lgcc_s -lgcc /usr/lib/gcc/x86_64-linux-gnu/6/crtendS.o /usr/lib/gcc/x86_64-linux-gnu/6/../../../x86_64-linux-gnu/crtn.o]
    arg [/usr/lib/gcc/x86_64-linux-gnu/6/collect2] ==> ignore
    arg [-plugin] ==> ignore
    arg [/usr/lib/gcc/x86_64-linux-gnu/6/liblto_plugin.so] ==> ignore
    arg [-plugin-opt=/usr/lib/gcc/x86_64-linux-gnu/6/lto-wrapper] ==> ignore
    arg [-plugin-opt=-fresolution=/tmp/cczcHG08.res] ==> ignore
    arg [-plugin-opt=-pass-through=-lgcc_s] ==> ignore
    arg [-plugin-opt=-pass-through=-lgcc] ==> ignore
    arg [-plugin-opt=-pass-through=-lc] ==> ignore
    arg [-plugin-opt=-pass-through=-lgcc_s] ==> ignore
    arg [-plugin-opt=-pass-through=-lgcc] ==> ignore
    arg [--sysroot=/] ==> ignore
    arg [--build-id] ==> ignore
    arg [--eh-frame-hdr] ==> ignore
    arg [-m] ==> ignore
    arg [elf_x86_64] ==> ignore
    arg [--hash-style=gnu] ==> ignore
    arg [-export-dynamic] ==> ignore
    arg [-dynamic-linker] ==> ignore
    arg [/lib64/ld-linux-x86-64.so.2] ==> ignore
    arg [-pie] ==> ignore
    arg [-o] ==> ignore
    arg [cmTC_2a316] ==> ignore
    arg [/usr/lib/gcc/x86_64-linux-gnu/6/../../../x86_64-linux-gnu/Scrt1.o] ==> ignore
    arg [/usr/lib/gcc/x86_64-linux-gnu/6/../../../x86_64-linux-gnu/crti.o] ==> ignore
    arg [/usr/lib/gcc/x86_64-linux-gnu/6/crtbeginS.o] ==> ignore
    arg [-L/usr/lib/gcc/x86_64-linux-gnu/6] ==> dir [/usr/lib/gcc/x86_64-linux-gnu/6]
    arg [-L/usr/lib/gcc/x86_64-linux-gnu/6/../../../x86_64-linux-gnu] ==> dir [/usr/lib/gcc/x86_64-linux-gnu/6/../../../x86_64-linux-gnu]
    arg [-L/usr/lib/gcc/x86_64-linux-gnu/6/../../../../lib] ==> dir [/usr/lib/gcc/x86_64-linux-gnu/6/../../../../lib]
    arg [-L/lib/x86_64-linux-gnu] ==> dir [/lib/x86_64-linux-gnu]
    arg [-L/lib/../lib] ==> dir [/lib/../lib]
    arg [-L/usr/lib/x86_64-linux-gnu] ==> dir [/usr/lib/x86_64-linux-gnu]
    arg [-L/usr/lib/../lib] ==> dir [/usr/lib/../lib]
    arg [-L/usr/lib/gcc/x86_64-linux-gnu/6/../../..] ==> dir [/usr/lib/gcc/x86_64-linux-gnu/6/../../..]
    arg [CMakeFiles/cmTC_2a316.dir/CMakeCXXCompilerABI.cpp.o] ==> ignore
    arg [-lstdc++] ==> lib [stdc++]
    arg [-lm] ==> lib [m]
    arg [-lgcc_s] ==> lib [gcc_s]
    arg [-lgcc] ==> lib [gcc]
    arg [-lc] ==> lib [c]
    arg [-lgcc_s] ==> lib [gcc_s]
    arg [-lgcc] ==> lib [gcc]
    arg [/usr/lib/gcc/x86_64-linux-gnu/6/crtendS.o] ==> ignore
    arg [/usr/lib/gcc/x86_64-linux-gnu/6/../../../x86_64-linux-gnu/crtn.o] ==> ignore
  remove lib [gcc_s]
  remove lib [gcc]
  remove lib [gcc_s]
  remove lib [gcc]
  collapse library dir [/usr/lib/gcc/x86_64-linux-gnu/6] ==> [/usr/lib/gcc/x86_64-linux-gnu/6]
  collapse library dir [/usr/lib/gcc/x86_64-linux-gnu/6/../../../x86_64-linux-gnu] ==> [/usr/lib/x86_64-linux-gnu]
  collapse library dir [/usr/lib/gcc/x86_64-linux-gnu/6/../../../../lib] ==> [/usr/lib]
  collapse library dir [/lib/x86_64-linux-gnu] ==> [/lib/x86_64-linux-gnu]
  collapse library dir [/lib/../lib] ==> [/lib]
  collapse library dir [/usr/lib/x86_64-linux-gnu] ==> [/usr/lib/x86_64-linux-gnu]
  collapse library dir [/usr/lib/../lib] ==> [/usr/lib]
  collapse library dir [/usr/lib/gcc/x86_64-linux-gnu/6/../../..] ==> [/usr/lib]
  implicit libs: [stdc++;m;c]
  implicit dirs: [/usr/lib/gcc/x86_64-linux-gnu/6;/usr/lib/x86_64-linux-gnu;/usr/lib;/lib/x86_64-linux-gnu;/lib]
  implicit fwks: []




Detecting CXX [-std=c++14] compiler features compiled with the following output:
Change Dir: /root/research/NuSMV-2.6.0/NuSMV/build/CMakeFiles/CMakeTmp

Run Build Command:"/usr/bin/make" "cmTC_1f324/fast"
/usr/bin/make -f CMakeFiles/cmTC_1f324.dir/build.make CMakeFiles/cmTC_1f324.dir/build
make[1]: Entering directory '/root/research/NuSMV-2.6.0/NuSMV/build/CMakeFiles/CMakeTmp'
Building CXX object CMakeFiles/cmTC_1f324.dir/feature_tests.cxx.o
/usr/bin/c++     -std=c++14 -o CMakeFiles/cmTC_1f324.dir/feature_tests.cxx.o -c /root/research/NuSMV-2.6.0/NuSMV/build/CMakeFiles/feature_tests.cxx
Linking CXX executable cmTC_1f324
/usr/bin/cmake -E cmake_link_script CMakeFiles/cmTC_1f324.dir/link.txt --verbose=1
/usr/bin/c++        CMakeFiles/cmTC_1f324.dir/feature_tests.cxx.o  -o cmTC_1f324 -rdynamic 
make[1]: Leaving directory '/root/research/NuSMV-2.6.0/NuSMV/build/CMakeFiles/CMakeTmp'


    Feature record: CXX_FEATURE:1cxx_aggregate_default_initializers
    Feature record: CXX_FEATURE:1cxx_alias_templates
    Feature record: CXX_FEATURE:1cxx_alignas
    Feature record: CXX_FEATURE:1cxx_alignof
    Feature record: CXX_FEATURE:1cxx_attributes
    Feature record: CXX_FEATURE:1cxx_attribute_deprecated
    Feature record: CXX_FEATURE:1cxx_auto_type
    Feature record: CXX_FEATURE:1cxx_binary_literals
    Feature record: CXX_FEATURE:1cxx_constexpr
    Feature record: CXX_FEATURE:1cxx_contextual_conversions
    Feature record: CXX_FEATURE:1cxx_decltype
    Feature record: CXX_FEATURE:1cxx_decltype_auto
    Feature record: CXX_FEATURE:1cxx_decltype_incomplete_return_types
    Feature record: CXX_FEATURE:1cxx_default_function_template_args
    Feature record: CXX_FEATURE:1cxx_defaulted_functions
    Feature record: CXX_FEATURE:1cxx_defaulted_move_initializers
    Feature record: CXX_FEATURE:1cxx_delegating_constructors
    Feature record: CXX_FEATURE:1cxx_deleted_functions
    Feature record: CXX_FEATURE:1cxx_digit_separators
    Feature record: CXX_FEATURE:1cxx_enum_forward_declarations
    Feature record: CXX_FEATURE:1cxx_explicit_conversions
    Feature record: CXX_FEATURE:1cxx_extended_friend_declarations
    Feature record: CXX_FEATURE:1cxx_extern_templates
    Feature record: CXX_FEATURE:1cxx_final
    Feature record: CXX_FEATURE:1cxx_func_identifier
    Feature record: CXX_FEATURE:1cxx_generalized_initializers
    Feature record: CXX_FEATURE:1cxx_generic_lambdas
    Feature record: CXX_FEATURE:1cxx_inheriting_constructors
    Feature record: CXX_FEATURE:1cxx_inline_namespaces
    Feature record: CXX_FEATURE:1cxx_lambdas
    Feature record: CXX_FEATURE:1cxx_lambda_init_captures
    Feature record: CXX_FEATURE:1cxx_local_type_template_args
    Feature record: CXX_FEATURE:1cxx_long_long_type
    Feature record: CXX_FEATURE:1cxx_noexcept
    Feature record: CXX_FEATURE:1cxx_nonstatic_member_init
    Feature record: CXX_FEATURE:1cxx_nullptr
    Feature record: CXX_FEATURE:1cxx_override
    Feature record: CXX_FEATURE:1cxx_range_for
    Feature record: CXX_FEATURE:1cxx_raw_string_literals
    Feature record: CXX_FEATURE:1cxx_reference_qualified_functions
    Feature record: CXX_FEATURE:1cxx_relaxed_constexpr
    Feature record: CXX_FEATURE:1cxx_return_type_deduction
    Feature record: CXX_FEATURE:1cxx_right_angle_brackets
    Feature record: CXX_FEATURE:1cxx_rvalue_references
    Feature record: CXX_FEATURE:1cxx_sizeof_member
    Feature record: CXX_FEATURE:1cxx_static_assert
    Feature record: CXX_FEATURE:1cxx_strong_enums
    Feature record: CXX_FEATURE:1cxx_template_template_parameters
    Feature record: CXX_FEATURE:1cxx_thread_local
    Feature record: CXX_FEATURE:1cxx_trailing_return_types
    Feature record: CXX_FEATURE:1cxx_unicode_literals
    Feature record: CXX_FEATURE:1cxx_uniform_initialization
    Feature record: CXX_FEATURE:1cxx_unrestricted_unions
    Feature record: CXX_FEATURE:1cxx_user_literals
    Feature record: CXX_FEATURE:1cxx_variable_templates
    Feature record: CXX_FEATURE:1cxx_variadic_macros
    Feature record: CXX_FEATURE:1cxx_variadic_templates


Detecting CXX [-std=c++11] compiler features compiled with the following output:
Change Dir: /root/research/NuSMV-2.6.0/NuSMV/build/CMakeFiles/CMakeTmp

Run Build Command:"/usr/bin/make" "cmTC_c8b13/fast"
/usr/bin/make -f CMakeFiles/cmTC_c8b13.dir/build.make CMakeFiles/cmTC_c8b13.dir/build
make[1]: Entering directory '/root/research/NuSMV-2.6.0/NuSMV/build/CMakeFiles/CMakeTmp'
Building CXX object CMakeFiles/cmTC_c8b13.dir/feature_tests.cxx.o
/usr/bin/c++     -std=c++11 -o CMakeFiles/cmTC_c8b13.dir/feature_tests.cxx.o -c /root/research/NuSMV-2.6.0/NuSMV/build/CMakeFiles/feature_tests.cxx
Linking CXX executable cmTC_c8b13
/usr/bin/cmake -E cmake_link_script CMakeFiles/cmTC_c8b13.dir/link.txt --verbose=1
/usr/bin/c++        CMakeFiles/cmTC_c8b13.dir/feature_tests.cxx.o  -o cmTC_c8b13 -rdynamic 
make[1]: Leaving directory '/root/research/NuSMV-2.6.0/NuSMV/build/CMakeFiles/CMakeTmp'


    Feature record: CXX_FEATURE:0cxx_aggregate_default_initializers
    Feature record: CXX_FEATURE:1cxx_alias_templates
    Feature record: CXX_FEATURE:1cxx_alignas
    Feature record: CXX_FEATURE:1cxx_alignof
    Feature record: CXX_FEATURE:1cxx_attributes
    Feature record: CXX_FEATURE:0cxx_attribute_deprecated
    Feature record: CXX_FEATURE:1cxx_auto_type
    Feature record: CXX_FEATURE:0cxx_binary_literals
    Feature record: CXX_FEATURE:1cxx_constexpr
    Feature record: CXX_FEATURE:0cxx_contextual_conversions
    Feature record: CXX_FEATURE:1cxx_decltype
    Feature record: CXX_FEATURE:0cxx_decltype_auto
    Feature record: CXX_FEATURE:1cxx_decltype_incomplete_return_types
    Feature record: CXX_FEATURE:1cxx_default_function_template_args
    Feature record: CXX_FEATURE:1cxx_defaulted_functions
    Feature record: CXX_FEATURE:1cxx_defaulted_move_initializers
    Feature record: CXX_FEATURE:1cxx_delegating_constructors
    Feature record: CXX_FEATURE:1cxx_deleted_functions
    Feature record: CXX_FEATURE:0cxx_digit_separators
    Feature record: CXX_FEATURE:1cxx_enum_forward_declarations
    Feature record: CXX_FEATURE:1cxx_explicit_conversions
    Feature record: CXX_FEATURE:1cxx_extended_friend_declarations
    Feature record: CXX_FEATURE:1cxx_extern_templates
    Feature record: CXX_FEATURE:1cxx_final
    Feature record: CXX_FEATURE:1cxx_func_identifier
    Feature record: CXX_FEATURE:1cxx_generalized_initializers
    Feature record: CXX_FEATURE:0cxx_generic_lambdas
    Feature record: CXX_FEATURE:1cxx_inheriting_constructors
    Feature record: CXX_FEATURE:1cxx_inline_namespaces
    Feature record: CXX_FEATURE:1cxx_lambdas
    Feature record: CXX_FEATURE:0cxx_lambda_init_captures
    Feature record: CXX_FEATURE:1cxx_local_type_template_args
    Feature record: CXX_FEATURE:1cxx_long_long_type
    Feature record: CXX_FEATURE:1cxx_noexcept
    Feature record: CXX_FEATURE:1cxx_nonstatic_member_init
    Feature record: CXX_FEATURE:1cxx_nullptr
    Feature record: CXX_FEATURE:1cxx_override
    Feature record: CXX_FEATURE:1cxx_range_for
    Feature record: CXX_FEATURE:1cxx_raw_string_literals
    Feature record: CXX_FEATURE:1cxx_reference_qualified_functions
    Feature record: CXX_FEATURE:0cxx_relaxed_constexpr
    Feature record: CXX_FEATURE:0cxx_return_type_deduction
    Feature record: CXX_FEATURE:1cxx_right_angle_brackets
    Feature record: CXX_FEATURE:1cxx_rvalue_references
    Feature record: CXX_FEATURE:1cxx_sizeof_member
    Feature record: CXX_FEATURE:1cxx_static_assert
    Feature record: CXX_FEATURE:1cxx_strong_enums
    Feature record: CXX_FEATURE:1cxx_template_template_parameters
    Feature record: CXX_FEATURE:1cxx_thread_local
    Feature record: CXX_FEATURE:1cxx_trailing_return_types
    Feature record: CXX_FEATURE:1cxx_unicode_literals
    Feature record: CXX_FEATURE:1cxx_uniform_initialization
    Feature record: CXX_FEATURE:1cxx_unrestricted_unions
    Feature record: CXX_FEATURE:1cxx_user_literals
    Feature record: CXX_FEATURE:0cxx_variable_templates
    Feature record: CXX_FEATURE:1cxx_variadic_macros
    Feature record: CXX_FEATURE:1cxx_variadic_templates


Detecting CXX [-std=c++98] compiler features compiled with the following output:
Change Dir: /root/research/NuSMV-2.6.0/NuSMV/build/CMakeFiles/CMakeTmp

Run Build Command:"/usr/bin/make" "cmTC_68d1c/fast"
/usr/bin/make -f CMakeFiles/cmTC_68d1c.dir/build.make CMakeFiles/cmTC_68d1c.dir/build
make[1]: Entering directory '/root/research/NuSMV-2.6.0/NuSMV/build/CMakeFiles/CMakeTmp'
Building CXX object CMakeFiles/cmTC_68d1c.dir/feature_tests.cxx.o
/usr/bin/c++     -std=c++98 -o CMakeFiles/cmTC_68d1c.dir/feature_tests.cxx.o -c /root/research/NuSMV-2.6.0/NuSMV/build/CMakeFiles/feature_tests.cxx
Linking CXX executable cmTC_68d1c
/usr/bin/cmake -E cmake_link_script CMakeFiles/cmTC_68d1c.dir/link.txt --verbose=1
/usr/bin/c++        CMakeFiles/cmTC_68d1c.dir/feature_tests.cxx.o  -o cmTC_68d1c -rdynamic 
make[1]: Leaving directory '/root/research/NuSMV-2.6.0/NuSMV/build/CMakeFiles/CMakeTmp'


    Feature record: CXX_FEATURE:0cxx_aggregate_default_initializers
    Feature record: CXX_FEATURE:0cxx_alias_templates
    Feature record: CXX_FEATURE:0cxx_alignas
    Feature record: CXX_FEATURE:0cxx_alignof
    Feature record: CXX_FEATURE:0cxx_attributes
    Feature record: CXX_FEATURE:0cxx_attribute_deprecated
    Feature record: CXX_FEATURE:0cxx_auto_type
    Feature record: CXX_FEATURE:0cxx_binary_literals
    Feature record: CXX_FEATURE:0cxx_constexpr
    Feature record: CXX_FEATURE:0cxx_contextual_conversions
    Feature record: CXX_FEATURE:0cxx_decltype
    Feature record: CXX_FEATURE:0cxx_decltype_auto
    Feature record: CXX_FEATURE:0cxx_decltype_incomplete_return_types
    Feature record: CXX_FEATURE:0cxx_default_function_template_args
    Feature record: CXX_FEATURE:0cxx_defaulted_functions
    Feature record: CXX_FEATURE:0cxx_defaulted_move_initializers
    Feature record: CXX_FEATURE:0cxx_delegating_constructors
    Feature record: CXX_FEATURE:0cxx_deleted_functions
    Feature record: CXX_FEATURE:0cxx_digit_separators
    Feature record: CXX_FEATURE:0cxx_enum_forward_declarations
    Feature record: CXX_FEATURE:0cxx_explicit_conversions
    Feature record: CXX_FEATURE:0cxx_extended_friend_declarations
    Feature record: CXX_FEATURE:0cxx_extern_templates
    Feature record: CXX_FEATURE:0cxx_final
    Feature record: CXX_FEATURE:0cxx_func_identifier
    Feature record: CXX_FEATURE:0cxx_generalized_initializers
    Feature record: CXX_FEATURE:0cxx_generic_lambdas
    Feature record: CXX_FEATURE:0cxx_inheriting_constructors
    Feature record: CXX_FEATURE:0cxx_inline_namespaces
    Feature record: CXX_FEATURE:0cxx_lambdas
    Feature record: CXX_FEATURE:0cxx_lambda_init_captures
    Feature record: CXX_FEATURE:0cxx_local_type_template_args
    Feature record: CXX_FEATURE:0cxx_long_long_type
    Feature record: CXX_FEATURE:0cxx_noexcept
    Feature record: CXX_FEATURE:0cxx_nonstatic_member_init
    Feature record: CXX_FEATURE:0cxx_nullptr
    Feature record: CXX_FEATURE:0cxx_override
    Feature record: CXX_FEATURE:0cxx_range_for
    Feature record: CXX_FEATURE:0cxx_raw_string_literals
    Feature record: CXX_FEATURE:0cxx_reference_qualified_functions
    Feature record: CXX_FEATURE:0cxx_relaxed_constexpr
    Feature record: CXX_FEATURE:0cxx_return_type_deduction
    Feature record: CXX_FEATURE:0cxx_right_angle_brackets
    Feature record: CXX_FEATURE:0cxx_rvalue_references
    Feature record: CXX_FEATURE:0cxx_sizeof_member
    Feature record: CXX_FEATURE:0cxx_static_assert
    Feature record: CXX_FEATURE:0cxx_strong_enums
    Feature record: CXX_FEATURE:1cxx_template_template_parameters
    Feature record: CXX_FEATURE:0cxx_thread_local
    Feature record: CXX_FEATURE:0cxx_trailing_return_types
    Feature record: CXX_FEATURE:0cxx_unicode_literals
    Feature record: CXX_FEATURE:0cxx_uniform_initialization
    Feature record: CXX_FEATURE:0cxx_unrestricted_unions
    Feature record: CXX_FEATURE:0cxx_user_literals
    Feature record: CXX_FEATURE:0cxx_variable_templates
    Feature record: CXX_FEATURE:0cxx_variadic_macros
    Feature record: CXX_FEATURE:0cxx_variadic_templates
Determining if the include file sys/types.h exists passed with the following output:
Change Dir: /root/research/NuSMV-2.6.0/NuSMV/build/CMakeFiles/CMakeTmp

Run Build Command:"/usr/bin/make" "cmTC_71c5c/fast"
/usr/bin/make -f CMakeFiles/cmTC_71c5c.dir/build.make CMakeFiles/cmTC_71c5c.dir/build
make[1]: Entering directory '/root/research/NuSMV-2.6.0/NuSMV/build/CMakeFiles/CMakeTmp'
Building C object CMakeFiles/cmTC_71c5c.dir/CheckIncludeFile.c.o
/usr/bin/cc     -o CMakeFiles/cmTC_71c5c.dir/CheckIncludeFile.c.o   -c /root/research/NuSMV-2.6.0/NuSMV/build/CMakeFiles/CMakeTmp/CheckIncludeFile.c
Linking C executable cmTC_71c5c
/usr/bin/cmake -E cmake_link_script CMakeFiles/cmTC_71c5c.dir/link.txt --verbose=1
/usr/bin/cc       CMakeFiles/cmTC_71c5c.dir/CheckIncludeFile.c.o  -o cmTC_71c5c -rdynamic 
make[1]: Leaving directory '/root/research/NuSMV-2.6.0/NuSMV/build/CMakeFiles/CMakeTmp'


Determining if the include file stdint.h exists passed with the following output:
Change Dir: /root/research/NuSMV-2.6.0/NuSMV/build/CMakeFiles/CMakeTmp

Run Build Command:"/usr/bin/make" "cmTC_5eb95/fast"
/usr/bin/make -f CMakeFiles/cmTC_5eb95.dir/build.make CMakeFiles/cmTC_5eb95.dir/build
make[1]: Entering directory '/root/research/NuSMV-2.6.0/NuSMV/build/CMakeFiles/CMakeTmp'
Building C object CMakeFiles/cmTC_5eb95.dir/CheckIncludeFile.c.o
/usr/bin/cc     -o CMakeFiles/cmTC_5eb95.dir/CheckIncludeFile.c.o   -c /root/research/NuSMV-2.6.0/NuSMV/build/CMakeFiles/CMakeTmp/CheckIncludeFile.c
Linking C executable cmTC_5eb95
/usr/bin/cmake -E cmake_link_script CMakeFiles/cmTC_5eb95.dir/link.txt --verbose=1
/usr/bin/cc       CMakeFiles/cmTC_5eb95.dir/CheckIncludeFile.c.o  -o cmTC_5eb95 -rdynamic 
make[1]: Leaving directory '/root/research/NuSMV-2.6.0/NuSMV/build/CMakeFiles/CMakeTmp'


Determining if the include file stddef.h exists passed with the following output:
Change Dir: /root/research/NuSMV-2.6.0/NuSMV/build/CMakeFiles/CMakeTmp

Run Build Command:"/usr/bin/make" "cmTC_9fd19/fast"
/usr/bin/make -f CMakeFiles/cmTC_9fd19.dir/build.make CMakeFiles/cmTC_9fd19.dir/build
make[1]: Entering directory '/root/research/NuSMV-2.6.0/NuSMV/build/CMakeFiles/CMakeTmp'
Building C object CMakeFiles/cmTC_9fd19.dir/CheckIncludeFile.c.o
/usr/bin/cc     -o CMakeFiles/cmTC_9fd19.dir/CheckIncludeFile.c.o   -c /root/research/NuSMV-2.6.0/NuSMV/build/CMakeFiles/CMakeTmp/CheckIncludeFile.c
Linking C executable cmTC_9fd19
/usr/bin/cmake -E cmake_link_script CMakeFiles/cmTC_9fd19.dir/link.txt --verbose=1
/usr/bin/cc       CMakeFiles/cmTC_9fd19.dir/CheckIncludeFile.c.o  -o cmTC_9fd19 -rdynamic 
make[1]: Leaving directory '/root/research/NuSMV-2.6.0/NuSMV/build/CMakeFiles/CMakeTmp'


Determining size of int passed with the following output:
Change Dir: /root/research/NuSMV-2.6.0/NuSMV/build/CMakeFiles/CMakeTmp

Run Build Command:"/usr/bin/make" "cmTC_4dec1/fast"
/usr/bin/make -f CMakeFiles/cmTC_4dec1.dir/build.make CMakeFiles/cmTC_4dec1.dir/build
make[1]: Entering directory '/root/research/NuSMV-2.6.0/NuSMV/build/CMakeFiles/CMakeTmp'
Building C object CMakeFiles/cmTC_4dec1.dir/_int_size.c.o
/usr/bin/cc     -o CMakeFiles/cmTC_4dec1.dir/_int_size.c.o   -c /root/research/NuSMV-2.6.0/NuSMV/build/CMakeFiles/CheckTypeSize/_int_size.c
Linking C executable cmTC_4dec1
/usr/bin/cmake -E cmake_link_script CMakeFiles/cmTC_4dec1.dir/link.txt --verbose=1
/usr/bin/cc       CMakeFiles/cmTC_4dec1.dir/_int_size.c.o  -o cmTC_4dec1 -rdynamic 
make[1]: Leaving directory '/root/research/NuSMV-2.6.0/NuSMV/build/CMakeFiles/CMakeTmp'


Determining size of long int passed with the following output:
Change Dir: /root/research/NuSMV-2.6.0/NuSMV/build/CMakeFiles/CMakeTmp

Run Build Command:"/usr/bin/make" "cmTC_f0404/fast"
/usr/bin/make -f CMakeFiles/cmTC_f0404.dir/build.make CMakeFiles/cmTC_f0404.dir/build
make[1]: Entering directory '/root/research/NuSMV-2.6.0/NuSMV/build/CMakeFiles/CMakeTmp'
Building C object CMakeFiles/cmTC_f0404.dir/_long_size.c.o
/usr/bin/cc     -o CMakeFiles/cmTC_f0404.dir/_long_size.c.o   -c /root/research/NuSMV-2.6.0/NuSMV/build/CMakeFiles/CheckTypeSize/_long_size.c
Linking C executable cmTC_f0404
/usr/bin/cmake -E cmake_link_script CMakeFiles/cmTC_f0404.dir/link.txt --verbose=1
/usr/bin/cc       CMakeFiles/cmTC_f0404.dir/_long_size.c.o  -o cmTC_f0404 -rdynamic 
make[1]: Leaving directory '/root/research/NuSMV-2.6.0/NuSMV/build/CMakeFiles/CMakeTmp'


Determining size of void * passed with the following output:
Change Dir: /root/research/NuSMV-2.6.0/NuSMV/build/CMakeFiles/CMakeTmp

Run Build Command:"/usr/bin/make" "cmTC_43e0c/fast"
/usr/bin/make -f CMakeFiles/cmTC_43e0c.dir/build.make CMakeFiles/cmTC_43e0c.dir/build
make[1]: Entering directory '/root/research/NuSMV-2.6.0/NuSMV/build/CMakeFiles/CMakeTmp'
Building C object CMakeFiles/cmTC_43e0c.dir/_voidp_size.c.o
/usr/bin/cc     -o CMakeFiles/cmTC_43e0c.dir/_voidp_size.c.o   -c /root/research/NuSMV-2.6.0/NuSMV/build/CMakeFiles/CheckTypeSize/_voidp_size.c
Linking C executable cmTC_43e0c
/usr/bin/cmake -E cmake_link_script CMakeFiles/cmTC_43e0c.dir/link.txt --verbose=1
/usr/bin/cc       CMakeFiles/cmTC_43e0c.dir/_voidp_size.c.o  -o cmTC_43e0c -rdynamic 
make[1]: Leaving directory '/root/research/NuSMV-2.6.0/NuSMV/build/CMakeFiles/CMakeTmp'


Performing C SOURCE FILE Test _have_funcattr_noreturn succeeded with the following output:
Change Dir: /root/research/NuSMV-2.6.0/NuSMV/build/CMakeFiles/CMakeTmp

Run Build Command:"/usr/bin/make" "cmTC_f6a09/fast"
/usr/bin/make -f CMakeFiles/cmTC_f6a09.dir/build.make CMakeFiles/cmTC_f6a09.dir/build
make[1]: Entering directory '/root/research/NuSMV-2.6.0/NuSMV/build/CMakeFiles/CMakeTmp'
Building C object CMakeFiles/cmTC_f6a09.dir/src.c.o
/usr/bin/cc    -D_have_funcattr_noreturn   -o CMakeFiles/cmTC_f6a09.dir/src.c.o   -c /root/research/NuSMV-2.6.0/NuSMV/build/CMakeFiles/CMakeTmp/src.c
/root/research/NuSMV-2.6.0/NuSMV/build/CMakeFiles/CMakeTmp/src.c: In function ‘f’:
/root/research/NuSMV-2.6.0/NuSMV/build/CMakeFiles/CMakeTmp/src.c:2:5: warning: ‘noreturn’ function does return
     __attribute__ ((noreturn)) void f(void) {}
     ^~~~~~~~~~~~~
Linking C executable cmTC_f6a09
/usr/bin/cmake -E cmake_link_script CMakeFiles/cmTC_f6a09.dir/link.txt --verbose=1
/usr/bin/cc   -D_have_funcattr_noreturn    CMakeFiles/cmTC_f6a09.dir/src.c.o  -o cmTC_f6a09 -rdynamic 
make[1]: Leaving directory '/root/research/NuSMV-2.6.0/NuSMV/build/CMakeFiles/CMakeTmp'

Source file was:

    __attribute__ ((noreturn)) void f(void) {}

    int main(void)
    {
        f();
        return 0;
    }
    
Performing C SOURCE FILE Test _have_funcattr_warn_unused_result succeeded with the following output:
Change Dir: /root/research/NuSMV-2.6.0/NuSMV/build/CMakeFiles/CMakeTmp

Run Build Command:"/usr/bin/make" "cmTC_2f579/fast"
/usr/bin/make -f CMakeFiles/cmTC_2f579.dir/build.make CMakeFiles/cmTC_2f579.dir/build
make[1]: Entering directory '/root/research/NuSMV-2.6.0/NuSMV/build/CMakeFiles/CMakeTmp'
Building C object CMakeFiles/cmTC_2f579.dir/src.c.o
/usr/bin/cc    -D_have_funcattr_warn_unused_result   -o CMakeFiles/cmTC_2f579.dir/src.c.o   -c /root/research/NuSMV-2.6.0/NuSMV/build/CMakeFiles/CMakeTmp/src.c
/root/research/NuSMV-2.6.0/NuSMV/build/CMakeFiles/CMakeTmp/src.c: In function ‘main’:
/root/research/NuSMV-2.6.0/NuSMV/build/CMakeFiles/CMakeTmp/src.c:6:9: warning: ignoring return value of ‘f’, declared with attribute warn_unused_result [-Wunused-result]
         f(1);
         ^~~~
Linking C executable cmTC_2f579
/usr/bin/cmake -E cmake_link_script CMakeFiles/cmTC_2f579.dir/link.txt --verbose=1
/usr/bin/cc   -D_have_funcattr_warn_unused_result    CMakeFiles/cmTC_2f579.dir/src.c.o  -o cmTC_2f579 -rdynamic 
make[1]: Leaving directory '/root/research/NuSMV-2.6.0/NuSMV/build/CMakeFiles/CMakeTmp'

Source file was:

    __attribute__ ((__warn_unused_result__)) int f(int i) { return i; }

    int main(void)
    {
        f(1);
        return 0;
    }
    
Performing C SOURCE FILE Test HAVE_MALLOC succeeded with the following output:
Change Dir: /root/research/NuSMV-2.6.0/NuSMV/build/CMakeFiles/CMakeTmp

Run Build Command:"/usr/bin/make" "cmTC_28e5f/fast"
/usr/bin/make -f CMakeFiles/cmTC_28e5f.dir/build.make CMakeFiles/cmTC_28e5f.dir/build
make[1]: Entering directory '/root/research/NuSMV-2.6.0/NuSMV/build/CMakeFiles/CMakeTmp'
Building C object CMakeFiles/cmTC_28e5f.dir/src.c.o
/usr/bin/cc    -DHAVE_MALLOC   -o CMakeFiles/cmTC_28e5f.dir/src.c.o   -c /root/research/NuSMV-2.6.0/NuSMV/build/CMakeFiles/CMakeTmp/src.c
/root/research/NuSMV-2.6.0/NuSMV/build/CMakeFiles/CMakeTmp/src.c:2:15: warning: conflicting types for built-in function ‘malloc’
         char *malloc();
               ^~~~~~
Linking C executable cmTC_28e5f
/usr/bin/cmake -E cmake_link_script CMakeFiles/cmTC_28e5f.dir/link.txt --verbose=1
/usr/bin/cc   -DHAVE_MALLOC    CMakeFiles/cmTC_28e5f.dir/src.c.o  -o cmTC_28e5f -rdynamic 
make[1]: Leaving directory '/root/research/NuSMV-2.6.0/NuSMV/build/CMakeFiles/CMakeTmp'

Return value: 1
Source file was:

        char *malloc();

        int main(void)
        {
            return (!malloc(0));
        }
        
Determining if the include file malloc.h exists passed with the following output:
Change Dir: /root/research/NuSMV-2.6.0/NuSMV/build/CMakeFiles/CMakeTmp

Run Build Command:"/usr/bin/make" "cmTC_85daa/fast"
/usr/bin/make -f CMakeFiles/cmTC_85daa.dir/build.make CMakeFiles/cmTC_85daa.dir/build
make[1]: Entering directory '/root/research/NuSMV-2.6.0/NuSMV/build/CMakeFiles/CMakeTmp'
Building C object CMakeFiles/cmTC_85daa.dir/CheckIncludeFile.c.o
/usr/bin/cc     -o CMakeFiles/cmTC_85daa.dir/CheckIncludeFile.c.o   -c /root/research/NuSMV-2.6.0/NuSMV/build/CMakeFiles/CMakeTmp/CheckIncludeFile.c
Linking C executable cmTC_85daa
/usr/bin/cmake -E cmake_link_script CMakeFiles/cmTC_85daa.dir/link.txt --verbose=1
/usr/bin/cc       CMakeFiles/cmTC_85daa.dir/CheckIncludeFile.c.o  -o cmTC_85daa -rdynamic 
make[1]: Leaving directory '/root/research/NuSMV-2.6.0/NuSMV/build/CMakeFiles/CMakeTmp'


Determining if the include file dirent.h exists passed with the following output:
Change Dir: /root/research/NuSMV-2.6.0/NuSMV/build/CMakeFiles/CMakeTmp

Run Build Command:"/usr/bin/make" "cmTC_0efdf/fast"
/usr/bin/make -f CMakeFiles/cmTC_0efdf.dir/build.make CMakeFiles/cmTC_0efdf.dir/build
make[1]: Entering directory '/root/research/NuSMV-2.6.0/NuSMV/build/CMakeFiles/CMakeTmp'
Building C object CMakeFiles/cmTC_0efdf.dir/CheckIncludeFile.c.o
/usr/bin/cc     -o CMakeFiles/cmTC_0efdf.dir/CheckIncludeFile.c.o   -c /root/research/NuSMV-2.6.0/NuSMV/build/CMakeFiles/CMakeTmp/CheckIncludeFile.c
Linking C executable cmTC_0efdf
/usr/bin/cmake -E cmake_link_script CMakeFiles/cmTC_0efdf.dir/link.txt --verbose=1
/usr/bin/cc       CMakeFiles/cmTC_0efdf.dir/CheckIncludeFile.c.o  -o cmTC_0efdf -rdynamic 
make[1]: Leaving directory '/root/research/NuSMV-2.6.0/NuSMV/build/CMakeFiles/CMakeTmp'


Determining if the include file dlfcn.h exists passed with the following output:
Change Dir: /root/research/NuSMV-2.6.0/NuSMV/build/CMakeFiles/CMakeTmp

Run Build Command:"/usr/bin/make" "cmTC_49ad5/fast"
/usr/bin/make -f CMakeFiles/cmTC_49ad5.dir/build.make CMakeFiles/cmTC_49ad5.dir/build
make[1]: Entering directory '/root/research/NuSMV-2.6.0/NuSMV/build/CMakeFiles/CMakeTmp'
Building C object CMakeFiles/cmTC_49ad5.dir/CheckIncludeFile.c.o
/usr/bin/cc     -o CMakeFiles/cmTC_49ad5.dir/CheckIncludeFile.c.o   -c /root/research/NuSMV-2.6.0/NuSMV/build/CMakeFiles/CMakeTmp/CheckIncludeFile.c
Linking C executable cmTC_49ad5
/usr/bin/cmake -E cmake_link_script CMakeFiles/cmTC_49ad5.dir/link.txt --verbose=1
/usr/bin/cc       CMakeFiles/cmTC_49ad5.dir/CheckIncludeFile.c.o  -o cmTC_49ad5 -rdynamic 
make[1]: Leaving directory '/root/research/NuSMV-2.6.0/NuSMV/build/CMakeFiles/CMakeTmp'


Determining if the include file errno.h exists passed with the following output:
Change Dir: /root/research/NuSMV-2.6.0/NuSMV/build/CMakeFiles/CMakeTmp

Run Build Command:"/usr/bin/make" "cmTC_a1809/fast"
/usr/bin/make -f CMakeFiles/cmTC_a1809.dir/build.make CMakeFiles/cmTC_a1809.dir/build
make[1]: Entering directory '/root/research/NuSMV-2.6.0/NuSMV/build/CMakeFiles/CMakeTmp'
Building C object CMakeFiles/cmTC_a1809.dir/CheckIncludeFile.c.o
/usr/bin/cc     -o CMakeFiles/cmTC_a1809.dir/CheckIncludeFile.c.o   -c /root/research/NuSMV-2.6.0/NuSMV/build/CMakeFiles/CMakeTmp/CheckIncludeFile.c
Linking C executable cmTC_a1809
/usr/bin/cmake -E cmake_link_script CMakeFiles/cmTC_a1809.dir/link.txt --verbose=1
/usr/bin/cc       CMakeFiles/cmTC_a1809.dir/CheckIncludeFile.c.o  -o cmTC_a1809 -rdynamic 
make[1]: Leaving directory '/root/research/NuSMV-2.6.0/NuSMV/build/CMakeFiles/CMakeTmp'


Determining if the include file float.h exists passed with the following output:
Change Dir: /root/research/NuSMV-2.6.0/NuSMV/build/CMakeFiles/CMakeTmp

Run Build Command:"/usr/bin/make" "cmTC_e0669/fast"
/usr/bin/make -f CMakeFiles/cmTC_e0669.dir/build.make CMakeFiles/cmTC_e0669.dir/build
make[1]: Entering directory '/root/research/NuSMV-2.6.0/NuSMV/build/CMakeFiles/CMakeTmp'
Building C object CMakeFiles/cmTC_e0669.dir/CheckIncludeFile.c.o
/usr/bin/cc     -o CMakeFiles/cmTC_e0669.dir/CheckIncludeFile.c.o   -c /root/research/NuSMV-2.6.0/NuSMV/build/CMakeFiles/CMakeTmp/CheckIncludeFile.c
Linking C executable cmTC_e0669
/usr/bin/cmake -E cmake_link_script CMakeFiles/cmTC_e0669.dir/link.txt --verbose=1
/usr/bin/cc       CMakeFiles/cmTC_e0669.dir/CheckIncludeFile.c.o  -o cmTC_e0669 -rdynamic 
make[1]: Leaving directory '/root/research/NuSMV-2.6.0/NuSMV/build/CMakeFiles/CMakeTmp'


Determining if the include file fnmatch.h exists passed with the following output:
Change Dir: /root/research/NuSMV-2.6.0/NuSMV/build/CMakeFiles/CMakeTmp

Run Build Command:"/usr/bin/make" "cmTC_87c24/fast"
/usr/bin/make -f CMakeFiles/cmTC_87c24.dir/build.make CMakeFiles/cmTC_87c24.dir/build
make[1]: Entering directory '/root/research/NuSMV-2.6.0/NuSMV/build/CMakeFiles/CMakeTmp'
Building C object CMakeFiles/cmTC_87c24.dir/CheckIncludeFile.c.o
/usr/bin/cc     -o CMakeFiles/cmTC_87c24.dir/CheckIncludeFile.c.o   -c /root/research/NuSMV-2.6.0/NuSMV/build/CMakeFiles/CMakeTmp/CheckIncludeFile.c
Linking C executable cmTC_87c24
/usr/bin/cmake -E cmake_link_script CMakeFiles/cmTC_87c24.dir/link.txt --verbose=1
/usr/bin/cc       CMakeFiles/cmTC_87c24.dir/CheckIncludeFile.c.o  -o cmTC_87c24 -rdynamic 
make[1]: Leaving directory '/root/research/NuSMV-2.6.0/NuSMV/build/CMakeFiles/CMakeTmp'


Determining if the include file inttypes.h exists passed with the following output:
Change Dir: /root/research/NuSMV-2.6.0/NuSMV/build/CMakeFiles/CMakeTmp

Run Build Command:"/usr/bin/make" "cmTC_37f7a/fast"
/usr/bin/make -f CMakeFiles/cmTC_37f7a.dir/build.make CMakeFiles/cmTC_37f7a.dir/build
make[1]: Entering directory '/root/research/NuSMV-2.6.0/NuSMV/build/CMakeFiles/CMakeTmp'
Building C object CMakeFiles/cmTC_37f7a.dir/CheckIncludeFile.c.o
/usr/bin/cc     -o CMakeFiles/cmTC_37f7a.dir/CheckIncludeFile.c.o   -c /root/research/NuSMV-2.6.0/NuSMV/build/CMakeFiles/CMakeTmp/CheckIncludeFile.c
Linking C executable cmTC_37f7a
/usr/bin/cmake -E cmake_link_script CMakeFiles/cmTC_37f7a.dir/link.txt --verbose=1
/usr/bin/cc       CMakeFiles/cmTC_37f7a.dir/CheckIncludeFile.c.o  -o cmTC_37f7a -rdynamic 
make[1]: Leaving directory '/root/research/NuSMV-2.6.0/NuSMV/build/CMakeFiles/CMakeTmp'


Determining if the include file limits.h exists passed with the following output:
Change Dir: /root/research/NuSMV-2.6.0/NuSMV/build/CMakeFiles/CMakeTmp

Run Build Command:"/usr/bin/make" "cmTC_37f6c/fast"
/usr/bin/make -f CMakeFiles/cmTC_37f6c.dir/build.make CMakeFiles/cmTC_37f6c.dir/build
make[1]: Entering directory '/root/research/NuSMV-2.6.0/NuSMV/build/CMakeFiles/CMakeTmp'
Building C object CMakeFiles/cmTC_37f6c.dir/CheckIncludeFile.c.o
/usr/bin/cc     -o CMakeFiles/cmTC_37f6c.dir/CheckIncludeFile.c.o   -c /root/research/NuSMV-2.6.0/NuSMV/build/CMakeFiles/CMakeTmp/CheckIncludeFile.c
Linking C executable cmTC_37f6c
/usr/bin/cmake -E cmake_link_script CMakeFiles/cmTC_37f6c.dir/link.txt --verbose=1
/usr/bin/cc       CMakeFiles/cmTC_37f6c.dir/CheckIncludeFile.c.o  -o cmTC_37f6c -rdynamic 
make[1]: Leaving directory '/root/research/NuSMV-2.6.0/NuSMV/build/CMakeFiles/CMakeTmp'


Determining if the include file memory.h exists passed with the following output:
Change Dir: /root/research/NuSMV-2.6.0/NuSMV/build/CMakeFiles/CMakeTmp

Run Build Command:"/usr/bin/make" "cmTC_5e622/fast"
/usr/bin/make -f CMakeFiles/cmTC_5e622.dir/build.make CMakeFiles/cmTC_5e622.dir/build
make[1]: Entering directory '/root/research/NuSMV-2.6.0/NuSMV/build/CMakeFiles/CMakeTmp'
Building C object CMakeFiles/cmTC_5e622.dir/CheckIncludeFile.c.o
/usr/bin/cc     -o CMakeFiles/cmTC_5e622.dir/CheckIncludeFile.c.o   -c /root/research/NuSMV-2.6.0/NuSMV/build/CMakeFiles/CMakeTmp/CheckIncludeFile.c
Linking C executable cmTC_5e622
/usr/bin/cmake -E cmake_link_script CMakeFiles/cmTC_5e622.dir/link.txt --verbose=1
/usr/bin/cc       CMakeFiles/cmTC_5e622.dir/CheckIncludeFile.c.o  -o cmTC_5e622 -rdynamic 
make[1]: Leaving directory '/root/research/NuSMV-2.6.0/NuSMV/build/CMakeFiles/CMakeTmp'


Determining if the include file regex.h exists passed with the following output:
Change Dir: /root/research/NuSMV-2.6.0/NuSMV/build/CMakeFiles/CMakeTmp

Run Build Command:"/usr/bin/make" "cmTC_a82f4/fast"
/usr/bin/make -f CMakeFiles/cmTC_a82f4.dir/build.make CMakeFiles/cmTC_a82f4.dir/build
make[1]: Entering directory '/root/research/NuSMV-2.6.0/NuSMV/build/CMakeFiles/CMakeTmp'
Building C object CMakeFiles/cmTC_a82f4.dir/CheckIncludeFile.c.o
/usr/bin/cc     -o CMakeFiles/cmTC_a82f4.dir/CheckIncludeFile.c.o   -c /root/research/NuSMV-2.6.0/NuSMV/build/CMakeFiles/CMakeTmp/CheckIncludeFile.c
Linking C executable cmTC_a82f4
/usr/bin/cmake -E cmake_link_script CMakeFiles/cmTC_a82f4.dir/link.txt --verbose=1
/usr/bin/cc       CMakeFiles/cmTC_a82f4.dir/CheckIncludeFile.c.o  -o cmTC_a82f4 -rdynamic 
make[1]: Leaving directory '/root/research/NuSMV-2.6.0/NuSMV/build/CMakeFiles/CMakeTmp'


Determining if the include file signal.h exists passed with the following output:
Change Dir: /root/research/NuSMV-2.6.0/NuSMV/build/CMakeFiles/CMakeTmp

Run Build Command:"/usr/bin/make" "cmTC_db587/fast"
/usr/bin/make -f CMakeFiles/cmTC_db587.dir/build.make CMakeFiles/cmTC_db587.dir/build
make[1]: Entering directory '/root/research/NuSMV-2.6.0/NuSMV/build/CMakeFiles/CMakeTmp'
Building C object CMakeFiles/cmTC_db587.dir/CheckIncludeFile.c.o
/usr/bin/cc     -o CMakeFiles/cmTC_db587.dir/CheckIncludeFile.c.o   -c /root/research/NuSMV-2.6.0/NuSMV/build/CMakeFiles/CMakeTmp/CheckIncludeFile.c
Linking C executable cmTC_db587
/usr/bin/cmake -E cmake_link_script CMakeFiles/cmTC_db587.dir/link.txt --verbose=1
/usr/bin/cc       CMakeFiles/cmTC_db587.dir/CheckIncludeFile.c.o  -o cmTC_db587 -rdynamic 
make[1]: Leaving directory '/root/research/NuSMV-2.6.0/NuSMV/build/CMakeFiles/CMakeTmp'


Determining if the include file stdbool.h exists passed with the following output:
Change Dir: /root/research/NuSMV-2.6.0/NuSMV/build/CMakeFiles/CMakeTmp

Run Build Command:"/usr/bin/make" "cmTC_b7c73/fast"
/usr/bin/make -f CMakeFiles/cmTC_b7c73.dir/build.make CMakeFiles/cmTC_b7c73.dir/build
make[1]: Entering directory '/root/research/NuSMV-2.6.0/NuSMV/build/CMakeFiles/CMakeTmp'
Building C object CMakeFiles/cmTC_b7c73.dir/CheckIncludeFile.c.o
/usr/bin/cc     -o CMakeFiles/cmTC_b7c73.dir/CheckIncludeFile.c.o   -c /root/research/NuSMV-2.6.0/NuSMV/build/CMakeFiles/CMakeTmp/CheckIncludeFile.c
Linking C executable cmTC_b7c73
/usr/bin/cmake -E cmake_link_script CMakeFiles/cmTC_b7c73.dir/link.txt --verbose=1
/usr/bin/cc       CMakeFiles/cmTC_b7c73.dir/CheckIncludeFile.c.o  -o cmTC_b7c73 -rdynamic 
make[1]: Leaving directory '/root/research/NuSMV-2.6.0/NuSMV/build/CMakeFiles/CMakeTmp'


Determining if the include file stdlib.h exists passed with the following output:
Change Dir: /root/research/NuSMV-2.6.0/NuSMV/build/CMakeFiles/CMakeTmp

Run Build Command:"/usr/bin/make" "cmTC_64120/fast"
/usr/bin/make -f CMakeFiles/cmTC_64120.dir/build.make CMakeFiles/cmTC_64120.dir/build
make[1]: Entering directory '/root/research/NuSMV-2.6.0/NuSMV/build/CMakeFiles/CMakeTmp'
Building C object CMakeFiles/cmTC_64120.dir/CheckIncludeFile.c.o
/usr/bin/cc     -o CMakeFiles/cmTC_64120.dir/CheckIncludeFile.c.o   -c /root/research/NuSMV-2.6.0/NuSMV/build/CMakeFiles/CMakeTmp/CheckIncludeFile.c
Linking C executable cmTC_64120
/usr/bin/cmake -E cmake_link_script CMakeFiles/cmTC_64120.dir/link.txt --verbose=1
/usr/bin/cc       CMakeFiles/cmTC_64120.dir/CheckIncludeFile.c.o  -o cmTC_64120 -rdynamic 
make[1]: Leaving directory '/root/research/NuSMV-2.6.0/NuSMV/build/CMakeFiles/CMakeTmp'


Determining if the include file string.h exists passed with the following output:
Change Dir: /root/research/NuSMV-2.6.0/NuSMV/build/CMakeFiles/CMakeTmp

Run Build Command:"/usr/bin/make" "cmTC_fa698/fast"
/usr/bin/make -f CMakeFiles/cmTC_fa698.dir/build.make CMakeFiles/cmTC_fa698.dir/build
make[1]: Entering directory '/root/research/NuSMV-2.6.0/NuSMV/build/CMakeFiles/CMakeTmp'
Building C object CMakeFiles/cmTC_fa698.dir/CheckIncludeFile.c.o
/usr/bin/cc     -o CMakeFiles/cmTC_fa698.dir/CheckIncludeFile.c.o   -c /root/research/NuSMV-2.6.0/NuSMV/build/CMakeFiles/CMakeTmp/CheckIncludeFile.c
Linking C executable cmTC_fa698
/usr/bin/cmake -E cmake_link_script CMakeFiles/cmTC_fa698.dir/link.txt --verbose=1
/usr/bin/cc       CMakeFiles/cmTC_fa698.dir/CheckIncludeFile.c.o  -o cmTC_fa698 -rdynamic 
make[1]: Leaving directory '/root/research/NuSMV-2.6.0/NuSMV/build/CMakeFiles/CMakeTmp'


Determining if the include file strings.h exists passed with the following output:
Change Dir: /root/research/NuSMV-2.6.0/NuSMV/build/CMakeFiles/CMakeTmp

Run Build Command:"/usr/bin/make" "cmTC_9d13a/fast"
/usr/bin/make -f CMakeFiles/cmTC_9d13a.dir/build.make CMakeFiles/cmTC_9d13a.dir/build
make[1]: Entering directory '/root/research/NuSMV-2.6.0/NuSMV/build/CMakeFiles/CMakeTmp'
Building C object CMakeFiles/cmTC_9d13a.dir/CheckIncludeFile.c.o
/usr/bin/cc     -o CMakeFiles/cmTC_9d13a.dir/CheckIncludeFile.c.o   -c /root/research/NuSMV-2.6.0/NuSMV/build/CMakeFiles/CMakeTmp/CheckIncludeFile.c
Linking C executable cmTC_9d13a
/usr/bin/cmake -E cmake_link_script CMakeFiles/cmTC_9d13a.dir/link.txt --verbose=1
/usr/bin/cc       CMakeFiles/cmTC_9d13a.dir/CheckIncludeFile.c.o  -o cmTC_9d13a -rdynamic 
make[1]: Leaving directory '/root/research/NuSMV-2.6.0/NuSMV/build/CMakeFiles/CMakeTmp'


Determining if the include file sys/dir.h exists passed with the following output:
Change Dir: /root/research/NuSMV-2.6.0/NuSMV/build/CMakeFiles/CMakeTmp

Run Build Command:"/usr/bin/make" "cmTC_4feae/fast"
/usr/bin/make -f CMakeFiles/cmTC_4feae.dir/build.make CMakeFiles/cmTC_4feae.dir/build
make[1]: Entering directory '/root/research/NuSMV-2.6.0/NuSMV/build/CMakeFiles/CMakeTmp'
Building C object CMakeFiles/cmTC_4feae.dir/CheckIncludeFile.c.o
/usr/bin/cc     -o CMakeFiles/cmTC_4feae.dir/CheckIncludeFile.c.o   -c /root/research/NuSMV-2.6.0/NuSMV/build/CMakeFiles/CMakeTmp/CheckIncludeFile.c
Linking C executable cmTC_4feae
/usr/bin/cmake -E cmake_link_script CMakeFiles/cmTC_4feae.dir/link.txt --verbose=1
/usr/bin/cc       CMakeFiles/cmTC_4feae.dir/CheckIncludeFile.c.o  -o cmTC_4feae -rdynamic 
make[1]: Leaving directory '/root/research/NuSMV-2.6.0/NuSMV/build/CMakeFiles/CMakeTmp'


Determining if the include file sys/ioctl.h exists passed with the following output:
Change Dir: /root/research/NuSMV-2.6.0/NuSMV/build/CMakeFiles/CMakeTmp

Run Build Command:"/usr/bin/make" "cmTC_c65eb/fast"
/usr/bin/make -f CMakeFiles/cmTC_c65eb.dir/build.make CMakeFiles/cmTC_c65eb.dir/build
make[1]: Entering directory '/root/research/NuSMV-2.6.0/NuSMV/build/CMakeFiles/CMakeTmp'
Building C object CMakeFiles/cmTC_c65eb.dir/CheckIncludeFile.c.o
/usr/bin/cc     -o CMakeFiles/cmTC_c65eb.dir/CheckIncludeFile.c.o   -c /root/research/NuSMV-2.6.0/NuSMV/build/CMakeFiles/CMakeTmp/CheckIncludeFile.c
Linking C executable cmTC_c65eb
/usr/bin/cmake -E cmake_link_script CMakeFiles/cmTC_c65eb.dir/link.txt --verbose=1
/usr/bin/cc       CMakeFiles/cmTC_c65eb.dir/CheckIncludeFile.c.o  -o cmTC_c65eb -rdynamic 
make[1]: Leaving directory '/root/research/NuSMV-2.6.0/NuSMV/build/CMakeFiles/CMakeTmp'


Determining if the include file sys/param.h exists passed with the following output:
Change Dir: /root/research/NuSMV-2.6.0/NuSMV/build/CMakeFiles/CMakeTmp

Run Build Command:"/usr/bin/make" "cmTC_2dce8/fast"
/usr/bin/make -f CMakeFiles/cmTC_2dce8.dir/build.make CMakeFiles/cmTC_2dce8.dir/build
make[1]: Entering directory '/root/research/NuSMV-2.6.0/NuSMV/build/CMakeFiles/CMakeTmp'
Building C object CMakeFiles/cmTC_2dce8.dir/CheckIncludeFile.c.o
/usr/bin/cc     -o CMakeFiles/cmTC_2dce8.dir/CheckIncludeFile.c.o   -c /root/research/NuSMV-2.6.0/NuSMV/build/CMakeFiles/CMakeTmp/CheckIncludeFile.c
Linking C executable cmTC_2dce8
/usr/bin/cmake -E cmake_link_script CMakeFiles/cmTC_2dce8.dir/link.txt --verbose=1
/usr/bin/cc       CMakeFiles/cmTC_2dce8.dir/CheckIncludeFile.c.o  -o cmTC_2dce8 -rdynamic 
make[1]: Leaving directory '/root/research/NuSMV-2.6.0/NuSMV/build/CMakeFiles/CMakeTmp'


Determining if the include file sys/resource.h exists passed with the following output:
Change Dir: /root/research/NuSMV-2.6.0/NuSMV/build/CMakeFiles/CMakeTmp

Run Build Command:"/usr/bin/make" "cmTC_91e04/fast"
/usr/bin/make -f CMakeFiles/cmTC_91e04.dir/build.make CMakeFiles/cmTC_91e04.dir/build
make[1]: Entering directory '/root/research/NuSMV-2.6.0/NuSMV/build/CMakeFiles/CMakeTmp'
Building C object CMakeFiles/cmTC_91e04.dir/CheckIncludeFile.c.o
/usr/bin/cc     -o CMakeFiles/cmTC_91e04.dir/CheckIncludeFile.c.o   -c /root/research/NuSMV-2.6.0/NuSMV/build/CMakeFiles/CMakeTmp/CheckIncludeFile.c
Linking C executable cmTC_91e04
/usr/bin/cmake -E cmake_link_script CMakeFiles/cmTC_91e04.dir/link.txt --verbose=1
/usr/bin/cc       CMakeFiles/cmTC_91e04.dir/CheckIncludeFile.c.o  -o cmTC_91e04 -rdynamic 
make[1]: Leaving directory '/root/research/NuSMV-2.6.0/NuSMV/build/CMakeFiles/CMakeTmp'


Determining if the include file sys/signal.h exists passed with the following output:
Change Dir: /root/research/NuSMV-2.6.0/NuSMV/build/CMakeFiles/CMakeTmp

Run Build Command:"/usr/bin/make" "cmTC_13ec6/fast"
/usr/bin/make -f CMakeFiles/cmTC_13ec6.dir/build.make CMakeFiles/cmTC_13ec6.dir/build
make[1]: Entering directory '/root/research/NuSMV-2.6.0/NuSMV/build/CMakeFiles/CMakeTmp'
Building C object CMakeFiles/cmTC_13ec6.dir/CheckIncludeFile.c.o
/usr/bin/cc     -o CMakeFiles/cmTC_13ec6.dir/CheckIncludeFile.c.o   -c /root/research/NuSMV-2.6.0/NuSMV/build/CMakeFiles/CMakeTmp/CheckIncludeFile.c
Linking C executable cmTC_13ec6
/usr/bin/cmake -E cmake_link_script CMakeFiles/cmTC_13ec6.dir/link.txt --verbose=1
/usr/bin/cc       CMakeFiles/cmTC_13ec6.dir/CheckIncludeFile.c.o  -o cmTC_13ec6 -rdynamic 
make[1]: Leaving directory '/root/research/NuSMV-2.6.0/NuSMV/build/CMakeFiles/CMakeTmp'


Determining if the include file sys/stat.h exists passed with the following output:
Change Dir: /root/research/NuSMV-2.6.0/NuSMV/build/CMakeFiles/CMakeTmp

Run Build Command:"/usr/bin/make" "cmTC_7c528/fast"
/usr/bin/make -f CMakeFiles/cmTC_7c528.dir/build.make CMakeFiles/cmTC_7c528.dir/build
make[1]: Entering directory '/root/research/NuSMV-2.6.0/NuSMV/build/CMakeFiles/CMakeTmp'
Building C object CMakeFiles/cmTC_7c528.dir/CheckIncludeFile.c.o
/usr/bin/cc     -o CMakeFiles/cmTC_7c528.dir/CheckIncludeFile.c.o   -c /root/research/NuSMV-2.6.0/NuSMV/build/CMakeFiles/CMakeTmp/CheckIncludeFile.c
Linking C executable cmTC_7c528
/usr/bin/cmake -E cmake_link_script CMakeFiles/cmTC_7c528.dir/link.txt --verbose=1
/usr/bin/cc       CMakeFiles/cmTC_7c528.dir/CheckIncludeFile.c.o  -o cmTC_7c528 -rdynamic 
make[1]: Leaving directory '/root/research/NuSMV-2.6.0/NuSMV/build/CMakeFiles/CMakeTmp'


Determining if the include file sys/time.h exists passed with the following output:
Change Dir: /root/research/NuSMV-2.6.0/NuSMV/build/CMakeFiles/CMakeTmp

Run Build Command:"/usr/bin/make" "cmTC_1a6e8/fast"
/usr/bin/make -f CMakeFiles/cmTC_1a6e8.dir/build.make CMakeFiles/cmTC_1a6e8.dir/build
make[1]: Entering directory '/root/research/NuSMV-2.6.0/NuSMV/build/CMakeFiles/CMakeTmp'
Building C object CMakeFiles/cmTC_1a6e8.dir/CheckIncludeFile.c.o
/usr/bin/cc     -o CMakeFiles/cmTC_1a6e8.dir/CheckIncludeFile.c.o   -c /root/research/NuSMV-2.6.0/NuSMV/build/CMakeFiles/CMakeTmp/CheckIncludeFile.c
Linking C executable cmTC_1a6e8
/usr/bin/cmake -E cmake_link_script CMakeFiles/cmTC_1a6e8.dir/link.txt --verbose=1
/usr/bin/cc       CMakeFiles/cmTC_1a6e8.dir/CheckIncludeFile.c.o  -o cmTC_1a6e8 -rdynamic 
make[1]: Leaving directory '/root/research/NuSMV-2.6.0/NuSMV/build/CMakeFiles/CMakeTmp'


Determining if the include file unistd.h exists passed with the following output:
Change Dir: /root/research/NuSMV-2.6.0/NuSMV/build/CMakeFiles/CMakeTmp

Run Build Command:"/usr/bin/make" "cmTC_2897c/fast"
/usr/bin/make -f CMakeFiles/cmTC_2897c.dir/build.make CMakeFiles/cmTC_2897c.dir/build
make[1]: Entering directory '/root/research/NuSMV-2.6.0/NuSMV/build/CMakeFiles/CMakeTmp'
Building C object CMakeFiles/cmTC_2897c.dir/CheckIncludeFile.c.o
/usr/bin/cc     -o CMakeFiles/cmTC_2897c.dir/CheckIncludeFile.c.o   -c /root/research/NuSMV-2.6.0/NuSMV/build/CMakeFiles/CMakeTmp/CheckIncludeFile.c
Linking C executable cmTC_2897c
/usr/bin/cmake -E cmake_link_script CMakeFiles/cmTC_2897c.dir/link.txt --verbose=1
/usr/bin/cc       CMakeFiles/cmTC_2897c.dir/CheckIncludeFile.c.o  -o cmTC_2897c -rdynamic 
make[1]: Leaving directory '/root/research/NuSMV-2.6.0/NuSMV/build/CMakeFiles/CMakeTmp'


Determining if the function getenv exists passed with the following output:
Change Dir: /root/research/NuSMV-2.6.0/NuSMV/build/CMakeFiles/CMakeTmp

Run Build Command:"/usr/bin/make" "cmTC_eff35/fast"
/usr/bin/make -f CMakeFiles/cmTC_eff35.dir/build.make CMakeFiles/cmTC_eff35.dir/build
make[1]: Entering directory '/root/research/NuSMV-2.6.0/NuSMV/build/CMakeFiles/CMakeTmp'
Building C object CMakeFiles/cmTC_eff35.dir/CheckFunctionExists.c.o
/usr/bin/cc    -DCHECK_FUNCTION_EXISTS=getenv   -o CMakeFiles/cmTC_eff35.dir/CheckFunctionExists.c.o   -c /usr/share/cmake-3.7/Modules/CheckFunctionExists.c
Linking C executable cmTC_eff35
/usr/bin/cmake -E cmake_link_script CMakeFiles/cmTC_eff35.dir/link.txt --verbose=1
/usr/bin/cc   -DCHECK_FUNCTION_EXISTS=getenv    CMakeFiles/cmTC_eff35.dir/CheckFunctionExists.c.o  -o cmTC_eff35 -rdynamic 
make[1]: Leaving directory '/root/research/NuSMV-2.6.0/NuSMV/build/CMakeFiles/CMakeTmp'


Determining if the function getpid exists passed with the following output:
Change Dir: /root/research/NuSMV-2.6.0/NuSMV/build/CMakeFiles/CMakeTmp

Run Build Command:"/usr/bin/make" "cmTC_30d49/fast"
/usr/bin/make -f CMakeFiles/cmTC_30d49.dir/build.make CMakeFiles/cmTC_30d49.dir/build
make[1]: Entering directory '/root/research/NuSMV-2.6.0/NuSMV/build/CMakeFiles/CMakeTmp'
Building C object CMakeFiles/cmTC_30d49.dir/CheckFunctionExists.c.o
/usr/bin/cc    -DCHECK_FUNCTION_EXISTS=getpid   -o CMakeFiles/cmTC_30d49.dir/CheckFunctionExists.c.o   -c /usr/share/cmake-3.7/Modules/CheckFunctionExists.c
Linking C executable cmTC_30d49
/usr/bin/cmake -E cmake_link_script CMakeFiles/cmTC_30d49.dir/link.txt --verbose=1
/usr/bin/cc   -DCHECK_FUNCTION_EXISTS=getpid    CMakeFiles/cmTC_30d49.dir/CheckFunctionExists.c.o  -o cmTC_30d49 -rdynamic 
make[1]: Leaving directory '/root/research/NuSMV-2.6.0/NuSMV/build/CMakeFiles/CMakeTmp'


Determining if the function isatty exists passed with the following output:
Change Dir: /root/research/NuSMV-2.6.0/NuSMV/build/CMakeFiles/CMakeTmp

Run Build Command:"/usr/bin/make" "cmTC_2f6dc/fast"
/usr/bin/make -f CMakeFiles/cmTC_2f6dc.dir/build.make CMakeFiles/cmTC_2f6dc.dir/build
make[1]: Entering directory '/root/research/NuSMV-2.6.0/NuSMV/build/CMakeFiles/CMakeTmp'
Building C object CMakeFiles/cmTC_2f6dc.dir/CheckFunctionExists.c.o
/usr/bin/cc    -DCHECK_FUNCTION_EXISTS=isatty   -o CMakeFiles/cmTC_2f6dc.dir/CheckFunctionExists.c.o   -c /usr/share/cmake-3.7/Modules/CheckFunctionExists.c
Linking C executable cmTC_2f6dc
/usr/bin/cmake -E cmake_link_script CMakeFiles/cmTC_2f6dc.dir/link.txt --verbose=1
/usr/bin/cc   -DCHECK_FUNCTION_EXISTS=isatty    CMakeFiles/cmTC_2f6dc.dir/CheckFunctionExists.c.o  -o cmTC_2f6dc -rdynamic 
make[1]: Leaving directory '/root/research/NuSMV-2.6.0/NuSMV/build/CMakeFiles/CMakeTmp'


Determining if the function memmove exists passed with the following output:
Change Dir: /root/research/NuSMV-2.6.0/NuSMV/build/CMakeFiles/CMakeTmp

Run Build Command:"/usr/bin/make" "cmTC_98298/fast"
/usr/bin/make -f CMakeFiles/cmTC_98298.dir/build.make CMakeFiles/cmTC_98298.dir/build
make[1]: Entering directory '/root/research/NuSMV-2.6.0/NuSMV/build/CMakeFiles/CMakeTmp'
Building C object CMakeFiles/cmTC_98298.dir/CheckFunctionExists.c.o
/usr/bin/cc    -DCHECK_FUNCTION_EXISTS=memmove   -o CMakeFiles/cmTC_98298.dir/CheckFunctionExists.c.o   -c /usr/share/cmake-3.7/Modules/CheckFunctionExists.c
<command-line>:0:23: warning: conflicting types for built-in function ‘memmove’
/usr/share/cmake-3.7/Modules/CheckFunctionExists.c:7:3: note: in expansion of macro ‘CHECK_FUNCTION_EXISTS’
   CHECK_FUNCTION_EXISTS();
   ^~~~~~~~~~~~~~~~~~~~~
Linking C executable cmTC_98298
/usr/bin/cmake -E cmake_link_script CMakeFiles/cmTC_98298.dir/link.txt --verbose=1
/usr/bin/cc   -DCHECK_FUNCTION_EXISTS=memmove    CMakeFiles/cmTC_98298.dir/CheckFunctionExists.c.o  -o cmTC_98298 -rdynamic 
make[1]: Leaving directory '/root/research/NuSMV-2.6.0/NuSMV/build/CMakeFiles/CMakeTmp'


Determining if the function memset exists passed with the following output:
Change Dir: /root/research/NuSMV-2.6.0/NuSMV/build/CMakeFiles/CMakeTmp

Run Build Command:"/usr/bin/make" "cmTC_c9cdb/fast"
/usr/bin/make -f CMakeFiles/cmTC_c9cdb.dir/build.make CMakeFiles/cmTC_c9cdb.dir/build
make[1]: Entering directory '/root/research/NuSMV-2.6.0/NuSMV/build/CMakeFiles/CMakeTmp'
Building C object CMakeFiles/cmTC_c9cdb.dir/CheckFunctionExists.c.o
/usr/bin/cc    -DCHECK_FUNCTION_EXISTS=memset   -o CMakeFiles/cmTC_c9cdb.dir/CheckFunctionExists.c.o   -c /usr/share/cmake-3.7/Modules/CheckFunctionExists.c
<command-line>:0:23: warning: conflicting types for built-in function ‘memset’
/usr/share/cmake-3.7/Modules/CheckFunctionExists.c:7:3: note: in expansion of macro ‘CHECK_FUNCTION_EXISTS’
   CHECK_FUNCTION_EXISTS();
   ^~~~~~~~~~~~~~~~~~~~~
Linking C executable cmTC_c9cdb
/usr/bin/cmake -E cmake_link_script CMakeFiles/cmTC_c9cdb.dir/link.txt --verbose=1
/usr/bin/cc   -DCHECK_FUNCTION_EXISTS=memset    CMakeFiles/cmTC_c9cdb.dir/CheckFunctionExists.c.o  -o cmTC_c9cdb -rdynamic 
make[1]: Leaving directory '/root/research/NuSMV-2.6.0/NuSMV/build/CMakeFiles/CMakeTmp'


Determining if the function mkstemp exists passed with the following output:
Change Dir: /root/research/NuSMV-2.6.0/NuSMV/build/CMakeFiles/CMakeTmp

Run Build Command:"/usr/bin/make" "cmTC_5cf66/fast"
/usr/bin/make -f CMakeFiles/cmTC_5cf66.dir/build.make CMakeFiles/cmTC_5cf66.dir/build
make[1]: Entering directory '/root/research/NuSMV-2.6.0/NuSMV/build/CMakeFiles/CMakeTmp'
Building C object CMakeFiles/cmTC_5cf66.dir/CheckFunctionExists.c.o
/usr/bin/cc    -DCHECK_FUNCTION_EXISTS=mkstemp   -o CMakeFiles/cmTC_5cf66.dir/CheckFunctionExists.c.o   -c /usr/share/cmake-3.7/Modules/CheckFunctionExists.c
Linking C executable cmTC_5cf66
/usr/bin/cmake -E cmake_link_script CMakeFiles/cmTC_5cf66.dir/link.txt --verbose=1
/usr/bin/cc   -DCHECK_FUNCTION_EXISTS=mkstemp    CMakeFiles/cmTC_5cf66.dir/CheckFunctionExists.c.o  -o cmTC_5cf66 -rdynamic 
make[1]: Leaving directory '/root/research/NuSMV-2.6.0/NuSMV/build/CMakeFiles/CMakeTmp'


Determining if the function mktemp exists passed with the following output:
Change Dir: /root/research/NuSMV-2.6.0/NuSMV/build/CMakeFiles/CMakeTmp

Run Build Command:"/usr/bin/make" "cmTC_59cd8/fast"
/usr/bin/make -f CMakeFiles/cmTC_59cd8.dir/build.make CMakeFiles/cmTC_59cd8.dir/build
make[1]: Entering directory '/root/research/NuSMV-2.6.0/NuSMV/build/CMakeFiles/CMakeTmp'
Building C object CMakeFiles/cmTC_59cd8.dir/CheckFunctionExists.c.o
/usr/bin/cc    -DCHECK_FUNCTION_EXISTS=mktemp   -o CMakeFiles/cmTC_59cd8.dir/CheckFunctionExists.c.o   -c /usr/share/cmake-3.7/Modules/CheckFunctionExists.c
Linking C executable cmTC_59cd8
/usr/bin/cmake -E cmake_link_script CMakeFiles/cmTC_59cd8.dir/link.txt --verbose=1
/usr/bin/cc   -DCHECK_FUNCTION_EXISTS=mktemp    CMakeFiles/cmTC_59cd8.dir/CheckFunctionExists.c.o  -o cmTC_59cd8 -rdynamic 
CMakeFiles/cmTC_59cd8.dir/CheckFunctionExists.c.o: In function `main':
CheckFunctionExists.c:(.text+0x15): warning: the use of `mktemp' is dangerous, better use `mkstemp' or `mkdtemp'
make[1]: Leaving directory '/root/research/NuSMV-2.6.0/NuSMV/build/CMakeFiles/CMakeTmp'


Determining if the function popen exists passed with the following output:
Change Dir: /root/research/NuSMV-2.6.0/NuSMV/build/CMakeFiles/CMakeTmp

Run Build Command:"/usr/bin/make" "cmTC_9fe29/fast"
/usr/bin/make -f CMakeFiles/cmTC_9fe29.dir/build.make CMakeFiles/cmTC_9fe29.dir/build
make[1]: Entering directory '/root/research/NuSMV-2.6.0/NuSMV/build/CMakeFiles/CMakeTmp'
Building C object CMakeFiles/cmTC_9fe29.dir/CheckFunctionExists.c.o
/usr/bin/cc    -DCHECK_FUNCTION_EXISTS=popen   -o CMakeFiles/cmTC_9fe29.dir/CheckFunctionExists.c.o   -c /usr/share/cmake-3.7/Modules/CheckFunctionExists.c
Linking C executable cmTC_9fe29
/usr/bin/cmake -E cmake_link_script CMakeFiles/cmTC_9fe29.dir/link.txt --verbose=1
/usr/bin/cc   -DCHECK_FUNCTION_EXISTS=popen    CMakeFiles/cmTC_9fe29.dir/CheckFunctionExists.c.o  -o cmTC_9fe29 -rdynamic 
make[1]: Leaving directory '/root/research/NuSMV-2.6.0/NuSMV/build/CMakeFiles/CMakeTmp'


Determining if the function random exists passed with the following output:
Change Dir: /root/research/NuSMV-2.6.0/NuSMV/build/CMakeFiles/CMakeTmp

Run Build Command:"/usr/bin/make" "cmTC_8f10a/fast"
/usr/bin/make -f CMakeFiles/cmTC_8f10a.dir/build.make CMakeFiles/cmTC_8f10a.dir/build
make[1]: Entering directory '/root/research/NuSMV-2.6.0/NuSMV/build/CMakeFiles/CMakeTmp'
Building C object CMakeFiles/cmTC_8f10a.dir/CheckFunctionExists.c.o
/usr/bin/cc    -DCHECK_FUNCTION_EXISTS=random   -o CMakeFiles/cmTC_8f10a.dir/CheckFunctionExists.c.o   -c /usr/share/cmake-3.7/Modules/CheckFunctionExists.c
Linking C executable cmTC_8f10a
/usr/bin/cmake -E cmake_link_script CMakeFiles/cmTC_8f10a.dir/link.txt --verbose=1
/usr/bin/cc   -DCHECK_FUNCTION_EXISTS=random    CMakeFiles/cmTC_8f10a.dir/CheckFunctionExists.c.o  -o cmTC_8f10a -rdynamic 
make[1]: Leaving directory '/root/research/NuSMV-2.6.0/NuSMV/build/CMakeFiles/CMakeTmp'


Determining if the function realloc exists passed with the following output:
Change Dir: /root/research/NuSMV-2.6.0/NuSMV/build/CMakeFiles/CMakeTmp

Run Build Command:"/usr/bin/make" "cmTC_0187d/fast"
/usr/bin/make -f CMakeFiles/cmTC_0187d.dir/build.make CMakeFiles/cmTC_0187d.dir/build
make[1]: Entering directory '/root/research/NuSMV-2.6.0/NuSMV/build/CMakeFiles/CMakeTmp'
Building C object CMakeFiles/cmTC_0187d.dir/CheckFunctionExists.c.o
/usr/bin/cc    -DCHECK_FUNCTION_EXISTS=realloc   -o CMakeFiles/cmTC_0187d.dir/CheckFunctionExists.c.o   -c /usr/share/cmake-3.7/Modules/CheckFunctionExists.c
<command-line>:0:23: warning: conflicting types for built-in function ‘realloc’
/usr/share/cmake-3.7/Modules/CheckFunctionExists.c:7:3: note: in expansion of macro ‘CHECK_FUNCTION_EXISTS’
   CHECK_FUNCTION_EXISTS();
   ^~~~~~~~~~~~~~~~~~~~~
Linking C executable cmTC_0187d
/usr/bin/cmake -E cmake_link_script CMakeFiles/cmTC_0187d.dir/link.txt --verbose=1
/usr/bin/cc   -DCHECK_FUNCTION_EXISTS=realloc    CMakeFiles/cmTC_0187d.dir/CheckFunctionExists.c.o  -o cmTC_0187d -rdynamic 
make[1]: Leaving directory '/root/research/NuSMV-2.6.0/NuSMV/build/CMakeFiles/CMakeTmp'


Determining if the function setvbuf exists passed with the following output:
Change Dir: /root/research/NuSMV-2.6.0/NuSMV/build/CMakeFiles/CMakeTmp

Run Build Command:"/usr/bin/make" "cmTC_8a929/fast"
/usr/bin/make -f CMakeFiles/cmTC_8a929.dir/build.make CMakeFiles/cmTC_8a929.dir/build
make[1]: Entering directory '/root/research/NuSMV-2.6.0/NuSMV/build/CMakeFiles/CMakeTmp'
Building C object CMakeFiles/cmTC_8a929.dir/CheckFunctionExists.c.o
/usr/bin/cc    -DCHECK_FUNCTION_EXISTS=setvbuf   -o CMakeFiles/cmTC_8a929.dir/CheckFunctionExists.c.o   -c /usr/share/cmake-3.7/Modules/CheckFunctionExists.c
Linking C executable cmTC_8a929
/usr/bin/cmake -E cmake_link_script CMakeFiles/cmTC_8a929.dir/link.txt --verbose=1
/usr/bin/cc   -DCHECK_FUNCTION_EXISTS=setvbuf    CMakeFiles/cmTC_8a929.dir/CheckFunctionExists.c.o  -o cmTC_8a929 -rdynamic 
make[1]: Leaving directory '/root/research/NuSMV-2.6.0/NuSMV/build/CMakeFiles/CMakeTmp'


Determining if the function srandom exists passed with the following output:
Change Dir: /root/research/NuSMV-2.6.0/NuSMV/build/CMakeFiles/CMakeTmp

Run Build Command:"/usr/bin/make" "cmTC_13848/fast"
/usr/bin/make -f CMakeFiles/cmTC_13848.dir/build.make CMakeFiles/cmTC_13848.dir/build
make[1]: Entering directory '/root/research/NuSMV-2.6.0/NuSMV/build/CMakeFiles/CMakeTmp'
Building C object CMakeFiles/cmTC_13848.dir/CheckFunctionExists.c.o
/usr/bin/cc    -DCHECK_FUNCTION_EXISTS=srandom   -o CMakeFiles/cmTC_13848.dir/CheckFunctionExists.c.o   -c /usr/share/cmake-3.7/Modules/CheckFunctionExists.c
Linking C executable cmTC_13848
/usr/bin/cmake -E cmake_link_script CMakeFiles/cmTC_13848.dir/link.txt --verbose=1
/usr/bin/cc   -DCHECK_FUNCTION_EXISTS=srandom    CMakeFiles/cmTC_13848.dir/CheckFunctionExists.c.o  -o cmTC_13848 -rdynamic 
make[1]: Leaving directory '/root/research/NuSMV-2.6.0/NuSMV/build/CMakeFiles/CMakeTmp'


Determining if the function strcasecmp exists passed with the following output:
Change Dir: /root/research/NuSMV-2.6.0/NuSMV/build/CMakeFiles/CMakeTmp

Run Build Command:"/usr/bin/make" "cmTC_6b145/fast"
/usr/bin/make -f CMakeFiles/cmTC_6b145.dir/build.make CMakeFiles/cmTC_6b145.dir/build
make[1]: Entering directory '/root/research/NuSMV-2.6.0/NuSMV/build/CMakeFiles/CMakeTmp'
Building C object CMakeFiles/cmTC_6b145.dir/CheckFunctionExists.c.o
/usr/bin/cc    -DCHECK_FUNCTION_EXISTS=strcasecmp   -o CMakeFiles/cmTC_6b145.dir/CheckFunctionExists.c.o   -c /usr/share/cmake-3.7/Modules/CheckFunctionExists.c
<command-line>:0:23: warning: conflicting types for built-in function ‘strcasecmp’
/usr/share/cmake-3.7/Modules/CheckFunctionExists.c:7:3: note: in expansion of macro ‘CHECK_FUNCTION_EXISTS’
   CHECK_FUNCTION_EXISTS();
   ^~~~~~~~~~~~~~~~~~~~~
Linking C executable cmTC_6b145
/usr/bin/cmake -E cmake_link_script CMakeFiles/cmTC_6b145.dir/link.txt --verbose=1
/usr/bin/cc   -DCHECK_FUNCTION_EXISTS=strcasecmp    CMakeFiles/cmTC_6b145.dir/CheckFunctionExists.c.o  -o cmTC_6b145 -rdynamic 
make[1]: Leaving directory '/root/research/NuSMV-2.6.0/NuSMV/build/CMakeFiles/CMakeTmp'


Determining if the function strchr exists passed with the following output:
Change Dir: /root/research/NuSMV-2.6.0/NuSMV/build/CMakeFiles/CMakeTmp

Run Build Command:"/usr/bin/make" "cmTC_8e5f0/fast"
/usr/bin/make -f CMakeFiles/cmTC_8e5f0.dir/build.make CMakeFiles/cmTC_8e5f0.dir/build
make[1]: Entering directory '/root/research/NuSMV-2.6.0/NuSMV/build/CMakeFiles/CMakeTmp'
Building C object CMakeFiles/cmTC_8e5f0.dir/CheckFunctionExists.c.o
/usr/bin/cc    -DCHECK_FUNCTION_EXISTS=strchr   -o CMakeFiles/cmTC_8e5f0.dir/CheckFunctionExists.c.o   -c /usr/share/cmake-3.7/Modules/CheckFunctionExists.c
<command-line>:0:23: warning: conflicting types for built-in function ‘strchr’
/usr/share/cmake-3.7/Modules/CheckFunctionExists.c:7:3: note: in expansion of macro ‘CHECK_FUNCTION_EXISTS’
   CHECK_FUNCTION_EXISTS();
   ^~~~~~~~~~~~~~~~~~~~~
Linking C executable cmTC_8e5f0
/usr/bin/cmake -E cmake_link_script CMakeFiles/cmTC_8e5f0.dir/link.txt --verbose=1
/usr/bin/cc   -DCHECK_FUNCTION_EXISTS=strchr    CMakeFiles/cmTC_8e5f0.dir/CheckFunctionExists.c.o  -o cmTC_8e5f0 -rdynamic 
make[1]: Leaving directory '/root/research/NuSMV-2.6.0/NuSMV/build/CMakeFiles/CMakeTmp'


Determining if the function strrchr exists passed with the following output:
Change Dir: /root/research/NuSMV-2.6.0/NuSMV/build/CMakeFiles/CMakeTmp

Run Build Command:"/usr/bin/make" "cmTC_f3a92/fast"
/usr/bin/make -f CMakeFiles/cmTC_f3a92.dir/build.make CMakeFiles/cmTC_f3a92.dir/build
make[1]: Entering directory '/root/research/NuSMV-2.6.0/NuSMV/build/CMakeFiles/CMakeTmp'
Building C object CMakeFiles/cmTC_f3a92.dir/CheckFunctionExists.c.o
/usr/bin/cc    -DCHECK_FUNCTION_EXISTS=strrchr   -o CMakeFiles/cmTC_f3a92.dir/CheckFunctionExists.c.o   -c /usr/share/cmake-3.7/Modules/CheckFunctionExists.c
<command-line>:0:23: warning: conflicting types for built-in function ‘strrchr’
/usr/share/cmake-3.7/Modules/CheckFunctionExists.c:7:3: note: in expansion of macro ‘CHECK_FUNCTION_EXISTS’
   CHECK_FUNCTION_EXISTS();
   ^~~~~~~~~~~~~~~~~~~~~
Linking C executable cmTC_f3a92
/usr/bin/cmake -E cmake_link_script CMakeFiles/cmTC_f3a92.dir/link.txt --verbose=1
/usr/bin/cc   -DCHECK_FUNCTION_EXISTS=strrchr    CMakeFiles/cmTC_f3a92.dir/CheckFunctionExists.c.o  -o cmTC_f3a92 -rdynamic 
make[1]: Leaving directory '/root/research/NuSMV-2.6.0/NuSMV/build/CMakeFiles/CMakeTmp'


Determining if the function strstr exists passed with the following output:
Change Dir: /root/research/NuSMV-2.6.0/NuSMV/build/CMakeFiles/CMakeTmp

Run Build Command:"/usr/bin/make" "cmTC_91bc5/fast"
/usr/bin/make -f CMakeFiles/cmTC_91bc5.dir/build.make CMakeFiles/cmTC_91bc5.dir/build
make[1]: Entering directory '/root/research/NuSMV-2.6.0/NuSMV/build/CMakeFiles/CMakeTmp'
Building C object CMakeFiles/cmTC_91bc5.dir/CheckFunctionExists.c.o
/usr/bin/cc    -DCHECK_FUNCTION_EXISTS=strstr   -o CMakeFiles/cmTC_91bc5.dir/CheckFunctionExists.c.o   -c /usr/share/cmake-3.7/Modules/CheckFunctionExists.c
<command-line>:0:23: warning: conflicting types for built-in function ‘strstr’
/usr/share/cmake-3.7/Modules/CheckFunctionExists.c:7:3: note: in expansion of macro ‘CHECK_FUNCTION_EXISTS’
   CHECK_FUNCTION_EXISTS();
   ^~~~~~~~~~~~~~~~~~~~~
Linking C executable cmTC_91bc5
/usr/bin/cmake -E cmake_link_script CMakeFiles/cmTC_91bc5.dir/link.txt --verbose=1
/usr/bin/cc   -DCHECK_FUNCTION_EXISTS=strstr    CMakeFiles/cmTC_91bc5.dir/CheckFunctionExists.c.o  -o cmTC_91bc5 -rdynamic 
make[1]: Leaving directory '/root/research/NuSMV-2.6.0/NuSMV/build/CMakeFiles/CMakeTmp'


Determining if the function strtod exists passed with the following output:
Change Dir: /root/research/NuSMV-2.6.0/NuSMV/build/CMakeFiles/CMakeTmp

Run Build Command:"/usr/bin/make" "cmTC_12e48/fast"
/usr/bin/make -f CMakeFiles/cmTC_12e48.dir/build.make CMakeFiles/cmTC_12e48.dir/build
make[1]: Entering directory '/root/research/NuSMV-2.6.0/NuSMV/build/CMakeFiles/CMakeTmp'
Building C object CMakeFiles/cmTC_12e48.dir/CheckFunctionExists.c.o
/usr/bin/cc    -DCHECK_FUNCTION_EXISTS=strtod   -o CMakeFiles/cmTC_12e48.dir/CheckFunctionExists.c.o   -c /usr/share/cmake-3.7/Modules/CheckFunctionExists.c
Linking C executable cmTC_12e48
/usr/bin/cmake -E cmake_link_script CMakeFiles/cmTC_12e48.dir/link.txt --verbose=1
/usr/bin/cc   -DCHECK_FUNCTION_EXISTS=strtod    CMakeFiles/cmTC_12e48.dir/CheckFunctionExists.c.o  -o cmTC_12e48 -rdynamic 
make[1]: Leaving directory '/root/research/NuSMV-2.6.0/NuSMV/build/CMakeFiles/CMakeTmp'


Determining if the function strtol exists passed with the following output:
Change Dir: /root/research/NuSMV-2.6.0/NuSMV/build/CMakeFiles/CMakeTmp

Run Build Command:"/usr/bin/make" "cmTC_90bf7/fast"
/usr/bin/make -f CMakeFiles/cmTC_90bf7.dir/build.make CMakeFiles/cmTC_90bf7.dir/build
make[1]: Entering directory '/root/research/NuSMV-2.6.0/NuSMV/build/CMakeFiles/CMakeTmp'
Building C object CMakeFiles/cmTC_90bf7.dir/CheckFunctionExists.c.o
/usr/bin/cc    -DCHECK_FUNCTION_EXISTS=strtol   -o CMakeFiles/cmTC_90bf7.dir/CheckFunctionExists.c.o   -c /usr/share/cmake-3.7/Modules/CheckFunctionExists.c
Linking C executable cmTC_90bf7
/usr/bin/cmake -E cmake_link_script CMakeFiles/cmTC_90bf7.dir/link.txt --verbose=1
/usr/bin/cc   -DCHECK_FUNCTION_EXISTS=strtol    CMakeFiles/cmTC_90bf7.dir/CheckFunctionExists.c.o  -o cmTC_90bf7 -rdynamic 
make[1]: Leaving directory '/root/research/NuSMV-2.6.0/NuSMV/build/CMakeFiles/CMakeTmp'


Determining if the function strtoull exists passed with the following output:
Change Dir: /root/research/NuSMV-2.6.0/NuSMV/build/CMakeFiles/CMakeTmp

Run Build Command:"/usr/bin/make" "cmTC_fef29/fast"
/usr/bin/make -f CMakeFiles/cmTC_fef29.dir/build.make CMakeFiles/cmTC_fef29.dir/build
make[1]: Entering directory '/root/research/NuSMV-2.6.0/NuSMV/build/CMakeFiles/CMakeTmp'
Building C object CMakeFiles/cmTC_fef29.dir/CheckFunctionExists.c.o
/usr/bin/cc    -DCHECK_FUNCTION_EXISTS=strtoull   -o CMakeFiles/cmTC_fef29.dir/CheckFunctionExists.c.o   -c /usr/share/cmake-3.7/Modules/CheckFunctionExists.c
Linking C executable cmTC_fef29
/usr/bin/cmake -E cmake_link_script CMakeFiles/cmTC_fef29.dir/link.txt --verbose=1
/usr/bin/cc   -DCHECK_FUNCTION_EXISTS=strtoull    CMakeFiles/cmTC_fef29.dir/CheckFunctionExists.c.o  -o cmTC_fef29 -rdynamic 
make[1]: Leaving directory '/root/research/NuSMV-2.6.0/NuSMV/build/CMakeFiles/CMakeTmp'


Determining if the function system exists passed with the following output:
Change Dir: /root/research/NuSMV-2.6.0/NuSMV/build/CMakeFiles/CMakeTmp

Run Build Command:"/usr/bin/make" "cmTC_17b9a/fast"
/usr/bin/make -f CMakeFiles/cmTC_17b9a.dir/build.make CMakeFiles/cmTC_17b9a.dir/build
make[1]: Entering directory '/root/research/NuSMV-2.6.0/NuSMV/build/CMakeFiles/CMakeTmp'
Building C object CMakeFiles/cmTC_17b9a.dir/CheckFunctionExists.c.o
/usr/bin/cc    -DCHECK_FUNCTION_EXISTS=system   -o CMakeFiles/cmTC_17b9a.dir/CheckFunctionExists.c.o   -c /usr/share/cmake-3.7/Modules/CheckFunctionExists.c
Linking C executable cmTC_17b9a
/usr/bin/cmake -E cmake_link_script CMakeFiles/cmTC_17b9a.dir/link.txt --verbose=1
/usr/bin/cc   -DCHECK_FUNCTION_EXISTS=system    CMakeFiles/cmTC_17b9a.dir/CheckFunctionExists.c.o  -o cmTC_17b9a -rdynamic 
make[1]: Leaving directory '/root/research/NuSMV-2.6.0/NuSMV/build/CMakeFiles/CMakeTmp'


Determining if the function tmpnam exists passed with the following output:
Change Dir: /root/research/NuSMV-2.6.0/NuSMV/build/CMakeFiles/CMakeTmp

Run Build Command:"/usr/bin/make" "cmTC_a94b5/fast"
/usr/bin/make -f CMakeFiles/cmTC_a94b5.dir/build.make CMakeFiles/cmTC_a94b5.dir/build
make[1]: Entering directory '/root/research/NuSMV-2.6.0/NuSMV/build/CMakeFiles/CMakeTmp'
Building C object CMakeFiles/cmTC_a94b5.dir/CheckFunctionExists.c.o
/usr/bin/cc    -DCHECK_FUNCTION_EXISTS=tmpnam   -o CMakeFiles/cmTC_a94b5.dir/CheckFunctionExists.c.o   -c /usr/share/cmake-3.7/Modules/CheckFunctionExists.c
Linking C executable cmTC_a94b5
/usr/bin/cmake -E cmake_link_script CMakeFiles/cmTC_a94b5.dir/link.txt --verbose=1
/usr/bin/cc   -DCHECK_FUNCTION_EXISTS=tmpnam    CMakeFiles/cmTC_a94b5.dir/CheckFunctionExists.c.o  -o cmTC_a94b5 -rdynamic 
CMakeFiles/cmTC_a94b5.dir/CheckFunctionExists.c.o: In function `main':
CheckFunctionExists.c:(.text+0x15): warning: the use of `tmpnam' is dangerous, better use `mkstemp'
make[1]: Leaving directory '/root/research/NuSMV-2.6.0/NuSMV/build/CMakeFiles/CMakeTmp'


Determining if the function vprintf exists passed with the following output:
Change Dir: /root/research/NuSMV-2.6.0/NuSMV/build/CMakeFiles/CMakeTmp

Run Build Command:"/usr/bin/make" "cmTC_33b75/fast"
/usr/bin/make -f CMakeFiles/cmTC_33b75.dir/build.make CMakeFiles/cmTC_33b75.dir/build
make[1]: Entering directory '/root/research/NuSMV-2.6.0/NuSMV/build/CMakeFiles/CMakeTmp'
Building C object CMakeFiles/cmTC_33b75.dir/CheckFunctionExists.c.o
/usr/bin/cc    -DCHECK_FUNCTION_EXISTS=vprintf   -o CMakeFiles/cmTC_33b75.dir/CheckFunctionExists.c.o   -c /usr/share/cmake-3.7/Modules/CheckFunctionExists.c
<command-line>:0:23: warning: conflicting types for built-in function ‘vprintf’
/usr/share/cmake-3.7/Modules/CheckFunctionExists.c:7:3: note: in expansion of macro ‘CHECK_FUNCTION_EXISTS’
   CHECK_FUNCTION_EXISTS();
   ^~~~~~~~~~~~~~~~~~~~~
Linking C executable cmTC_33b75
/usr/bin/cmake -E cmake_link_script CMakeFiles/cmTC_33b75.dir/link.txt --verbose=1
/usr/bin/cc   -DCHECK_FUNCTION_EXISTS=vprintf    CMakeFiles/cmTC_33b75.dir/CheckFunctionExists.c.o  -o cmTC_33b75 -rdynamic 
make[1]: Leaving directory '/root/research/NuSMV-2.6.0/NuSMV/build/CMakeFiles/CMakeTmp'


Performing C SOURCE FILE Test HAVE__BOOL succeeded with the following output:
Change Dir: /root/research/NuSMV-2.6.0/NuSMV/build/CMakeFiles/CMakeTmp

Run Build Command:"/usr/bin/make" "cmTC_2bedc/fast"
/usr/bin/make -f CMakeFiles/cmTC_2bedc.dir/build.make CMakeFiles/cmTC_2bedc.dir/build
make[1]: Entering directory '/root/research/NuSMV-2.6.0/NuSMV/build/CMakeFiles/CMakeTmp'
Building C object CMakeFiles/cmTC_2bedc.dir/src.c.o
/usr/bin/cc    -DHAVE__BOOL   -o CMakeFiles/cmTC_2bedc.dir/src.c.o   -c /root/research/NuSMV-2.6.0/NuSMV/build/CMakeFiles/CMakeTmp/src.c
Linking C executable cmTC_2bedc
/usr/bin/cmake -E cmake_link_script CMakeFiles/cmTC_2bedc.dir/link.txt --verbose=1
/usr/bin/cc   -DHAVE__BOOL    CMakeFiles/cmTC_2bedc.dir/src.c.o  -o cmTC_2bedc -rdynamic 
make[1]: Leaving directory '/root/research/NuSMV-2.6.0/NuSMV/build/CMakeFiles/CMakeTmp'

Source file was:

    #include <stdbool.h>
    int main(void)
    {
        _Bool b;
        return 0;
    }
    
Determining size of int passed with the following output:
Change Dir: /root/research/NuSMV-2.6.0/NuSMV/build/CMakeFiles/CMakeTmp

Run Build Command:"/usr/bin/make" "cmTC_678b0/fast"
/usr/bin/make -f CMakeFiles/cmTC_678b0.dir/build.make CMakeFiles/cmTC_678b0.dir/build
make[1]: Entering directory '/root/research/NuSMV-2.6.0/NuSMV/build/CMakeFiles/CMakeTmp'
Building C object CMakeFiles/cmTC_678b0.dir/SIZEOF_INT.c.o
/usr/bin/cc     -o CMakeFiles/cmTC_678b0.dir/SIZEOF_INT.c.o   -c /root/research/NuSMV-2.6.0/NuSMV/build/CMakeFiles/CheckTypeSize/SIZEOF_INT.c
Linking C executable cmTC_678b0
/usr/bin/cmake -E cmake_link_script CMakeFiles/cmTC_678b0.dir/link.txt --verbose=1
/usr/bin/cc       CMakeFiles/cmTC_678b0.dir/SIZEOF_INT.c.o  -o cmTC_678b0 -rdynamic 
make[1]: Leaving directory '/root/research/NuSMV-2.6.0/NuSMV/build/CMakeFiles/CMakeTmp'


Determining size of long passed with the following output:
Change Dir: /root/research/NuSMV-2.6.0/NuSMV/build/CMakeFiles/CMakeTmp

Run Build Command:"/usr/bin/make" "cmTC_d527f/fast"
/usr/bin/make -f CMakeFiles/cmTC_d527f.dir/build.make CMakeFiles/cmTC_d527f.dir/build
make[1]: Entering directory '/root/research/NuSMV-2.6.0/NuSMV/build/CMakeFiles/CMakeTmp'
Building C object CMakeFiles/cmTC_d527f.dir/SIZEOF_LONG.c.o
/usr/bin/cc     -o CMakeFiles/cmTC_d527f.dir/SIZEOF_LONG.c.o   -c /root/research/NuSMV-2.6.0/NuSMV/build/CMakeFiles/CheckTypeSize/SIZEOF_LONG.c
Linking C executable cmTC_d527f
/usr/bin/cmake -E cmake_link_script CMakeFiles/cmTC_d527f.dir/link.txt --verbose=1
/usr/bin/cc       CMakeFiles/cmTC_d527f.dir/SIZEOF_LONG.c.o  -o cmTC_d527f -rdynamic 
make[1]: Leaving directory '/root/research/NuSMV-2.6.0/NuSMV/build/CMakeFiles/CMakeTmp'


Determining size of long long passed with the following output:
Change Dir: /root/research/NuSMV-2.6.0/NuSMV/build/CMakeFiles/CMakeTmp

Run Build Command:"/usr/bin/make" "cmTC_e89b8/fast"
/usr/bin/make -f CMakeFiles/cmTC_e89b8.dir/build.make CMakeFiles/cmTC_e89b8.dir/build
make[1]: Entering directory '/root/research/NuSMV-2.6.0/NuSMV/build/CMakeFiles/CMakeTmp'
Building C object CMakeFiles/cmTC_e89b8.dir/SIZEOF_LONG_LONG.c.o
/usr/bin/cc     -o CMakeFiles/cmTC_e89b8.dir/SIZEOF_LONG_LONG.c.o   -c /root/research/NuSMV-2.6.0/NuSMV/build/CMakeFiles/CheckTypeSize/SIZEOF_LONG_LONG.c
Linking C executable cmTC_e89b8
/usr/bin/cmake -E cmake_link_script CMakeFiles/cmTC_e89b8.dir/link.txt --verbose=1
/usr/bin/cc       CMakeFiles/cmTC_e89b8.dir/SIZEOF_LONG_LONG.c.o  -o cmTC_e89b8 -rdynamic 
make[1]: Leaving directory '/root/research/NuSMV-2.6.0/NuSMV/build/CMakeFiles/CMakeTmp'


Determining size of void * passed with the following output:
Change Dir: /root/research/NuSMV-2.6.0/NuSMV/build/CMakeFiles/CMakeTmp

Run Build Command:"/usr/bin/make" "cmTC_166ce/fast"
/usr/bin/make -f CMakeFiles/cmTC_166ce.dir/build.make CMakeFiles/cmTC_166ce.dir/build
make[1]: Entering directory '/root/research/NuSMV-2.6.0/NuSMV/build/CMakeFiles/CMakeTmp'
Building C object CMakeFiles/cmTC_166ce.dir/SIZEOF_VOID_P.c.o
/usr/bin/cc     -o CMakeFiles/cmTC_166ce.dir/SIZEOF_VOID_P.c.o   -c /root/research/NuSMV-2.6.0/NuSMV/build/CMakeFiles/CheckTypeSize/SIZEOF_VOID_P.c
Linking C executable cmTC_166ce
/usr/bin/cmake -E cmake_link_script CMakeFiles/cmTC_166ce.dir/link.txt --verbose=1
/usr/bin/cc       CMakeFiles/cmTC_166ce.dir/SIZEOF_VOID_P.c.o  -o cmTC_166ce -rdynamic 
make[1]: Leaving directory '/root/research/NuSMV-2.6.0/NuSMV/build/CMakeFiles/CMakeTmp'


