Determining if the include file ndir.h exists failed with the following output:
Change Dir: /root/research/NuSMV-2.6.0/NuSMV/build/CMakeFiles/CMakeTmp

Run Build Command:"/usr/bin/make" "cmTC_df006/fast"
/usr/bin/make -f CMakeFiles/cmTC_df006.dir/build.make CMakeFiles/cmTC_df006.dir/build
make[1]: Entering directory '/root/research/NuSMV-2.6.0/NuSMV/build/CMakeFiles/CMakeTmp'
Building C object CMakeFiles/cmTC_df006.dir/CheckIncludeFile.c.o
/usr/bin/cc     -o CMakeFiles/cmTC_df006.dir/CheckIncludeFile.c.o   -c /root/research/NuSMV-2.6.0/NuSMV/build/CMakeFiles/CMakeTmp/CheckIncludeFile.c
/root/research/NuSMV-2.6.0/NuSMV/build/CMakeFiles/CMakeTmp/CheckIncludeFile.c:1:18: fatal error: ndir.h: No such file or directory
 #include <ndir.h>
                  ^
compilation terminated.
CMakeFiles/cmTC_df006.dir/build.make:65: recipe for target 'CMakeFiles/cmTC_df006.dir/CheckIncludeFile.c.o' failed
make[1]: *** [CMakeFiles/cmTC_df006.dir/CheckIncludeFile.c.o] Error 1
make[1]: Leaving directory '/root/research/NuSMV-2.6.0/NuSMV/build/CMakeFiles/CMakeTmp'
Makefile:126: recipe for target 'cmTC_df006/fast' failed
make: *** [cmTC_df006/fast] Error 2


Determining if the include file sys/ndir.h exists failed with the following output:
Change Dir: /root/research/NuSMV-2.6.0/NuSMV/build/CMakeFiles/CMakeTmp

Run Build Command:"/usr/bin/make" "cmTC_7f84b/fast"
/usr/bin/make -f CMakeFiles/cmTC_7f84b.dir/build.make CMakeFiles/cmTC_7f84b.dir/build
make[1]: Entering directory '/root/research/NuSMV-2.6.0/NuSMV/build/CMakeFiles/CMakeTmp'
Building C object CMakeFiles/cmTC_7f84b.dir/CheckIncludeFile.c.o
/usr/bin/cc     -o CMakeFiles/cmTC_7f84b.dir/CheckIncludeFile.c.o   -c /root/research/NuSMV-2.6.0/NuSMV/build/CMakeFiles/CMakeTmp/CheckIncludeFile.c
/root/research/NuSMV-2.6.0/NuSMV/build/CMakeFiles/CMakeTmp/CheckIncludeFile.c:1:22: fatal error: sys/ndir.h: No such file or directory
 #include <sys/ndir.h>
                      ^
compilation terminated.
CMakeFiles/cmTC_7f84b.dir/build.make:65: recipe for target 'CMakeFiles/cmTC_7f84b.dir/CheckIncludeFile.c.o' failed
make[1]: *** [CMakeFiles/cmTC_7f84b.dir/CheckIncludeFile.c.o] Error 1
make[1]: Leaving directory '/root/research/NuSMV-2.6.0/NuSMV/build/CMakeFiles/CMakeTmp'
Makefile:126: recipe for target 'cmTC_7f84b/fast' failed
make: *** [cmTC_7f84b/fast] Error 2


Determining if the function floor exists failed with the following output:
Change Dir: /root/research/NuSMV-2.6.0/NuSMV/build/CMakeFiles/CMakeTmp

Run Build Command:"/usr/bin/make" "cmTC_38d9c/fast"
/usr/bin/make -f CMakeFiles/cmTC_38d9c.dir/build.make CMakeFiles/cmTC_38d9c.dir/build
make[1]: Entering directory '/root/research/NuSMV-2.6.0/NuSMV/build/CMakeFiles/CMakeTmp'
Building C object CMakeFiles/cmTC_38d9c.dir/CheckFunctionExists.c.o
/usr/bin/cc    -DCHECK_FUNCTION_EXISTS=floor   -o CMakeFiles/cmTC_38d9c.dir/CheckFunctionExists.c.o   -c /usr/share/cmake-3.7/Modules/CheckFunctionExists.c
<command-line>:0:23: warning: conflicting types for built-in function ‘floor’
/usr/share/cmake-3.7/Modules/CheckFunctionExists.c:7:3: note: in expansion of macro ‘CHECK_FUNCTION_EXISTS’
   CHECK_FUNCTION_EXISTS();
   ^~~~~~~~~~~~~~~~~~~~~
Linking C executable cmTC_38d9c
/usr/bin/cmake -E cmake_link_script CMakeFiles/cmTC_38d9c.dir/link.txt --verbose=1
/usr/bin/cc   -DCHECK_FUNCTION_EXISTS=floor    CMakeFiles/cmTC_38d9c.dir/CheckFunctionExists.c.o  -o cmTC_38d9c -rdynamic 
CMakeFiles/cmTC_38d9c.dir/CheckFunctionExists.c.o: In function `main':
CheckFunctionExists.c:(.text+0x15): undefined reference to `floor'
collect2: error: ld returned 1 exit status
CMakeFiles/cmTC_38d9c.dir/build.make:97: recipe for target 'cmTC_38d9c' failed
make[1]: *** [cmTC_38d9c] Error 1
make[1]: Leaving directory '/root/research/NuSMV-2.6.0/NuSMV/build/CMakeFiles/CMakeTmp'
Makefile:126: recipe for target 'cmTC_38d9c/fast' failed
make: *** [cmTC_38d9c/fast] Error 2


Determining if the function pow exists failed with the following output:
Change Dir: /root/research/NuSMV-2.6.0/NuSMV/build/CMakeFiles/CMakeTmp

Run Build Command:"/usr/bin/make" "cmTC_5b6c3/fast"
/usr/bin/make -f CMakeFiles/cmTC_5b6c3.dir/build.make CMakeFiles/cmTC_5b6c3.dir/build
make[1]: Entering directory '/root/research/NuSMV-2.6.0/NuSMV/build/CMakeFiles/CMakeTmp'
Building C object CMakeFiles/cmTC_5b6c3.dir/CheckFunctionExists.c.o
/usr/bin/cc    -DCHECK_FUNCTION_EXISTS=pow   -o CMakeFiles/cmTC_5b6c3.dir/CheckFunctionExists.c.o   -c /usr/share/cmake-3.7/Modules/CheckFunctionExists.c
<command-line>:0:23: warning: conflicting types for built-in function ‘pow’
/usr/share/cmake-3.7/Modules/CheckFunctionExists.c:7:3: note: in expansion of macro ‘CHECK_FUNCTION_EXISTS’
   CHECK_FUNCTION_EXISTS();
   ^~~~~~~~~~~~~~~~~~~~~
Linking C executable cmTC_5b6c3
/usr/bin/cmake -E cmake_link_script CMakeFiles/cmTC_5b6c3.dir/link.txt --verbose=1
/usr/bin/cc   -DCHECK_FUNCTION_EXISTS=pow    CMakeFiles/cmTC_5b6c3.dir/CheckFunctionExists.c.o  -o cmTC_5b6c3 -rdynamic 
CMakeFiles/cmTC_5b6c3.dir/CheckFunctionExists.c.o: In function `main':
CheckFunctionExists.c:(.text+0x15): undefined reference to `pow'
collect2: error: ld returned 1 exit status
CMakeFiles/cmTC_5b6c3.dir/build.make:97: recipe for target 'cmTC_5b6c3' failed
make[1]: *** [cmTC_5b6c3] Error 1
make[1]: Leaving directory '/root/research/NuSMV-2.6.0/NuSMV/build/CMakeFiles/CMakeTmp'
Makefile:126: recipe for target 'cmTC_5b6c3/fast' failed
make: *** [cmTC_5b6c3/fast] Error 2


