\BOOKMARK [0][-]{chapter.1}{Introduction}{}% 1
\BOOKMARK [0][-]{chapter.2}{Input Language}{}% 2
\BOOKMARK [1][-]{section.2.1}{Types Overview}{chapter.2}% 3
\BOOKMARK [2][-]{subsection.2.1.1}{Boolean}{section.2.1}% 4
\BOOKMARK [2][-]{subsection.2.1.2}{Integer}{section.2.1}% 5
\BOOKMARK [2][-]{subsection.2.1.3}{Enumeration Types}{section.2.1}% 6
\BOOKMARK [2][-]{subsection.2.1.4}{Word}{section.2.1}% 7
\BOOKMARK [2][-]{subsection.2.1.5}{Array}{section.2.1}% 8
\BOOKMARK [2][-]{subsection.2.1.6}{Set Types}{section.2.1}% 9
\BOOKMARK [2][-]{subsection.2.1.7}{Type Order}{section.2.1}% 10
\BOOKMARK [1][-]{section.2.2}{Expressions}{chapter.2}% 11
\BOOKMARK [2][-]{subsection.2.2.1}{Implicit Type Conversion}{section.2.2}% 12
\BOOKMARK [2][-]{subsection.2.2.2}{Constant Expressions}{section.2.2}% 13
\BOOKMARK [2][-]{subsection.2.2.3}{Basic Expressions}{section.2.2}% 14
\BOOKMARK [2][-]{subsection.2.2.4}{Simple and Next Expressions}{section.2.2}% 15
\BOOKMARK [2][-]{subsection.2.2.5}{Type conversion operators}{section.2.2}% 16
\BOOKMARK [1][-]{section.2.3}{Definition of the FSM}{chapter.2}% 17
\BOOKMARK [2][-]{subsection.2.3.1}{Variable Declarations}{section.2.3}% 18
\BOOKMARK [2][-]{subsection.2.3.2}{DEFINE Declarations}{section.2.3}% 19
\BOOKMARK [2][-]{subsection.2.3.3}{Array Define Declarations}{section.2.3}% 20
\BOOKMARK [2][-]{subsection.2.3.4}{CONSTANTS Declarations}{section.2.3}% 21
\BOOKMARK [2][-]{subsection.2.3.5}{INIT Constraint}{section.2.3}% 22
\BOOKMARK [2][-]{subsection.2.3.6}{INVAR Constraint}{section.2.3}% 23
\BOOKMARK [2][-]{subsection.2.3.7}{TRANS Constraint}{section.2.3}% 24
\BOOKMARK [2][-]{subsection.2.3.8}{ASSIGN Constraint}{section.2.3}% 25
\BOOKMARK [2][-]{subsection.2.3.9}{FAIRNESS Constraints}{section.2.3}% 26
\BOOKMARK [2][-]{subsection.2.3.10}{MODULE Declarations}{section.2.3}% 27
\BOOKMARK [2][-]{subsection.2.3.11}{MODULE Instantiations}{section.2.3}% 28
\BOOKMARK [2][-]{subsection.2.3.12}{References to Module Components \(Variables and Defines\)}{section.2.3}% 29
\BOOKMARK [2][-]{subsection.2.3.13}{Processes}{section.2.3}% 30
\BOOKMARK [2][-]{subsection.2.3.14}{A Program and the main Module}{section.2.3}% 31
\BOOKMARK [2][-]{subsection.2.3.15}{Namespaces and Constraints on Declarations}{section.2.3}% 32
\BOOKMARK [2][-]{subsection.2.3.16}{Context}{section.2.3}% 33
\BOOKMARK [2][-]{subsection.2.3.17}{ISA Declarations}{section.2.3}% 34
\BOOKMARK [1][-]{section.2.4}{Specifications}{chapter.2}% 35
\BOOKMARK [2][-]{subsection.2.4.1}{CTL Specifications}{section.2.4}% 36
\BOOKMARK [2][-]{subsection.2.4.2}{Invariant Specifications}{section.2.4}% 37
\BOOKMARK [2][-]{subsection.2.4.3}{LTL Specifications}{section.2.4}% 38
\BOOKMARK [2][-]{subsection.2.4.4}{Real Time CTL Specifications and Computations}{section.2.4}% 39
\BOOKMARK [2][-]{subsection.2.4.5}{PSL Specifications}{section.2.4}% 40
\BOOKMARK [1][-]{section.2.5}{Variable Order Input}{chapter.2}% 41
\BOOKMARK [2][-]{subsection.2.5.1}{Input File Syntax}{section.2.5}% 42
\BOOKMARK [2][-]{subsection.2.5.2}{Scalar Variables}{section.2.5}% 43
\BOOKMARK [2][-]{subsection.2.5.3}{Array Variables}{section.2.5}% 44
\BOOKMARK [1][-]{section.2.6}{Clusters Ordering}{chapter.2}% 45
\BOOKMARK [0][-]{chapter.3}{Running NuSMV interactively}{}% 46
\BOOKMARK [1][-]{section.3.1}{Model Reading and Building}{chapter.3}% 47
\BOOKMARK [1][-]{section.3.2}{Commands for Checking Specifications}{chapter.3}% 48
\BOOKMARK [1][-]{section.3.3}{Commands for Bounded Model Checking}{chapter.3}% 49
\BOOKMARK [1][-]{section.3.4}{Commands for checking PSL specifications}{chapter.3}% 50
\BOOKMARK [1][-]{section.3.5}{Simulation Commands}{chapter.3}% 51
\BOOKMARK [1][-]{section.3.6}{Execution Commands}{chapter.3}% 52
\BOOKMARK [1][-]{section.3.7}{Traces}{chapter.3}% 53
\BOOKMARK [2][-]{subsection.3.7.1}{Inspecting Traces}{section.3.7}% 54
\BOOKMARK [2][-]{subsection.3.7.2}{Displaying Traces}{section.3.7}% 55
\BOOKMARK [2][-]{subsection.3.7.3}{Trace Plugin Commands}{section.3.7}% 56
\BOOKMARK [1][-]{section.3.8}{Trace Plugins}{chapter.3}% 57
\BOOKMARK [2][-]{subsection.3.8.1}{Basic Trace Explainer}{section.3.8}% 58
\BOOKMARK [2][-]{subsection.3.8.2}{States/Variables Table}{section.3.8}% 59
\BOOKMARK [2][-]{subsection.3.8.3}{XML Format Printer}{section.3.8}% 60
\BOOKMARK [2][-]{subsection.3.8.4}{XML Format Reader}{section.3.8}% 61
\BOOKMARK [2][-]{subsection.3.8.5}{Empty Trace}{section.3.8}% 62
\BOOKMARK [1][-]{section.3.9}{Interface to the DD Package}{chapter.3}% 63
\BOOKMARK [1][-]{section.3.10}{Administration Commands}{chapter.3}% 64
\BOOKMARK [1][-]{section.3.11}{Other Environment Variables}{chapter.3}% 65
\BOOKMARK [0][-]{chapter.4}{Running NuSMV batch}{}% 66
\BOOKMARK [0][-]{chapter*.41}{Bibliography}{}% 67
\BOOKMARK [0][-]{appendix.A}{Compatibility with CMU SMV}{}% 68
\BOOKMARK [0][-]{appendix.B}{Typing Rules}{}% 69
\BOOKMARK [1][-]{section.B.1}{Types}{appendix.B}% 70
\BOOKMARK [1][-]{section.B.2}{Implicit Conversion}{appendix.B}% 71
\BOOKMARK [1][-]{section.B.3}{Type Rules}{appendix.B}% 72
\BOOKMARK [0][-]{appendix.C}{Production Rules}{}% 73
