\BOOKMARK [0][-]{chapter.1}{Introduction}{}% 1
\BOOKMARK [0][-]{chapter.2}{Examples}{}% 2
\BOOKMARK [1][-]{section.2.1}{Synchronous Systems}{chapter.2}% 3
\BOOKMARK [2][-]{subsection.2.1.1}{Single Process Example}{section.2.1}% 4
\BOOKMARK [2][-]{subsection.2.1.2}{Binary Counter}{section.2.1}% 5
\BOOKMARK [1][-]{section.2.2}{Asynchronous Systems}{chapter.2}% 6
\BOOKMARK [2][-]{subsection.2.2.1}{Inverter Ring}{section.2.2}% 7
\BOOKMARK [2][-]{subsection.2.2.2}{Mutual Exclusion}{section.2.2}% 8
\BOOKMARK [1][-]{section.2.3}{Direct Specification}{chapter.2}% 9
\BOOKMARK [0][-]{chapter.3}{Simulation}{}% 10
\BOOKMARK [1][-]{section.3.1}{Trace Strategies}{chapter.3}% 11
\BOOKMARK [1][-]{section.3.2}{Interactive Mode}{chapter.3}% 12
\BOOKMARK [2][-]{subsection.3.2.1}{Choosing an Initial State}{section.3.2}% 13
\BOOKMARK [2][-]{subsection.3.2.2}{Starting a New Simulation}{section.3.2}% 14
\BOOKMARK [2][-]{subsection.3.2.3}{Specifying Constraints}{section.3.2}% 15
\BOOKMARK [0][-]{chapter.4}{CTL Model Checking}{}% 16
\BOOKMARK [1][-]{section.4.1}{Computation Tree Logic}{chapter.4}% 17
\BOOKMARK [1][-]{section.4.2}{Semaphore Example}{chapter.4}% 18
\BOOKMARK [0][-]{chapter.5}{LTL Model Checking}{}% 19
\BOOKMARK [1][-]{section.5.1}{Linear Temporal Logic}{chapter.5}% 20
\BOOKMARK [1][-]{section.5.2}{Semaphore Example}{chapter.5}% 21
\BOOKMARK [1][-]{section.5.3}{Past Temporal Operators}{chapter.5}% 22
\BOOKMARK [0][-]{chapter.6}{Bounded Model Checking}{}% 23
\BOOKMARK [1][-]{section.6.1}{Checking LTL Specifications}{chapter.6}% 24
\BOOKMARK [1][-]{section.6.2}{Finding Counterexamples}{chapter.6}% 25
\BOOKMARK [1][-]{section.6.3}{Checking Invariants}{chapter.6}% 26
\BOOKMARK [2][-]{subsection.6.3.1}{2-Step Inductive Reasoning}{section.6.3}% 27
\BOOKMARK [2][-]{subsection.6.3.2}{Complete Invariant Checking}{section.6.3}% 28
